[ 2017-04-18T10:51:22+08:00 ] ::1 /last/LastMission/project/index.php/HMadmin/Index/index
INFO: [ app_init ] --START--
INFO: Run Behavior\BuildLiteBehavior [ RunTime:0.000000s ]
INFO: [ app_init ] --END-- [ RunTime:0.000000s ]
INFO: [ app_begin ] --START--
INFO: Run Behavior\ReadHtmlCacheBehavior [ RunTime:0.001000s ]
INFO: [ app_begin ] --END-- [ RunTime:0.001000s ]
NOTIC: [8] Undefined index: adminInfo D:\wamp64\www\last\LastMission\project\Application\HMadmin\Controller\CommonController.class.php 第 16 行.
INFO: [ view_parse ] --START--
INFO: [ template_filter ] --START--
INFO: Run Behavior\ContentReplaceBehavior [ RunTime:0.001000s ]
INFO: [ template_filter ] --END-- [ RunTime:0.001000s ]
INFO: Run Behavior\ParseTemplateBehavior [ RunTime:0.006001s ]
INFO: [ view_parse ] --END-- [ RunTime:0.006001s ]
INFO: [ view_filter ] --START--
INFO: Run Behavior\WriteHtmlCacheBehavior [ RunTime:0.001000s ]
INFO: [ view_filter ] --END-- [ RunTime:0.001000s ]

[ 2017-04-18T10:51:24+08:00 ] ::1 /last/LastMission/project/index.php/HMadmin/Public/login.html
INFO: [ app_init ] --START--
INFO: Run Behavior\BuildLiteBehavior [ RunTime:0.000000s ]
INFO: [ app_init ] --END-- [ RunTime:0.001000s ]
INFO: [ app_begin ] --START--
INFO: Run Behavior\ReadHtmlCacheBehavior [ RunTime:0.000000s ]
INFO: [ app_begin ] --END-- [ RunTime:0.000000s ]
INFO: [ view_parse ] --START--
INFO: [ template_filter ] --START--
INFO: Run Behavior\ContentReplaceBehavior [ RunTime:0.000000s ]
INFO: [ template_filter ] --END-- [ RunTime:0.000000s ]
INFO: Run Behavior\ParseTemplateBehavior [ RunTime:0.006001s ]
INFO: [ view_parse ] --END-- [ RunTime:0.006001s ]
INFO: [ view_filter ] --START--
INFO: Run Behavior\WriteHtmlCacheBehavior [ RunTime:0.001000s ]
INFO: [ view_filter ] --END-- [ RunTime:0.001000s ]
INFO: [ app_end ] --START--
INFO: Run Behavior\ShowPageTraceBehavior [ RunTime:0.000000s ]
INFO: [ app_end ] --END-- [ RunTime:0.000000s ]

[ 2017-04-18T10:51:28+08:00 ] ::1 /last/LastMission/project/index.php/HMadmin/Public/login.html
INFO: [ app_init ] --START--
INFO: Run Behavior\BuildLiteBehavior [ RunTime:0.000000s ]
INFO: [ app_init ] --END-- [ RunTime:0.001000s ]
INFO: [ app_begin ] --START--
INFO: Run Behavior\ReadHtmlCacheBehavior [ RunTime:0.001000s ]
INFO: [ app_begin ] --END-- [ RunTime:0.001000s ]
SQL: SHOW COLUMNS FROM `hm_admin` [ RunTime:0.0110s ]
SQL: SELECT `id`,`name`,`password` FROM `hm_admin` WHERE `name` = 'van' LIMIT 1   [ RunTime:0.0090s ]
INFO: [ view_parse ] --START--
INFO: [ template_filter ] --START--
INFO: Run Behavior\ContentReplaceBehavior [ RunTime:0.000000s ]
INFO: [ template_filter ] --END-- [ RunTime:0.000000s ]
INFO: Run Behavior\ParseTemplateBehavior [ RunTime:0.006001s ]
INFO: [ view_parse ] --END-- [ RunTime:0.006001s ]
INFO: [ view_filter ] --START--
INFO: Run Behavior\WriteHtmlCacheBehavior [ RunTime:0.000000s ]
INFO: [ view_filter ] --END-- [ RunTime:0.000000s ]

[ 2017-04-18T10:51:29+08:00 ] ::1 /last/LastMission/project/index.php/HMadmin/Index/index.html
INFO: [ app_init ] --START--
INFO: Run Behavior\BuildLiteBehavior [ RunTime:0.000000s ]
INFO: [ app_init ] --END-- [ RunTime:0.001000s ]
INFO: [ app_begin ] --START--
INFO: Run Behavior\ReadHtmlCacheBehavior [ RunTime:0.000000s ]
INFO: [ app_begin ] --END-- [ RunTime:0.000000s ]
SQL: SHOW COLUMNS FROM `hm_auth_group_access` [ RunTime:0.0130s ]
SQL: SELECT `uid`,`group_id`,`title`,`rules` FROM hm_auth_group_access a INNER JOIN hm_auth_group g on a.group_id=g.id  WHERE ( a.uid='19' and g.status='1' )  [ RunTime:0.0100s ]
SQL: SHOW COLUMNS FROM `hm_auth_rule` [ RunTime:0.0150s ]
SQL: SELECT `situation`,`name` FROM `hm_auth_rule` WHERE `id` IN ('6','8','9','10','12','13','14','15','17','18','19','20','21','22','23','24','25','26','27','28','29','30','31','33','34','35','36','37','38','39','40','41') AND `status` = 1  [ RunTime:0.0210s ]
INFO: [ view_parse ] --START--
INFO: [ template_filter ] --START--
INFO: Run Behavior\ContentReplaceBehavior [ RunTime:0.000000s ]
INFO: [ template_filter ] --END-- [ RunTime:0.001000s ]
INFO: Run Behavior\ParseTemplateBehavior [ RunTime:0.030002s ]
INFO: [ view_parse ] --END-- [ RunTime:0.030002s ]
INFO: [ view_filter ] --START--
INFO: Run Behavior\WriteHtmlCacheBehavior [ RunTime:0.001000s ]
INFO: [ view_filter ] --END-- [ RunTime:0.001000s ]
INFO: [ app_end ] --START--
INFO: Run Behavior\ShowPageTraceBehavior [ RunTime:0.001000s ]
INFO: [ app_end ] --END-- [ RunTime:0.001000s ]

[ 2017-04-18T10:51:33+08:00 ] ::1 /last/LastMission/project/index.php/HMadmin/Goods/index
INFO: [ app_init ] --START--
INFO: Run Behavior\BuildLiteBehavior [ RunTime:0.000000s ]
INFO: [ app_init ] --END-- [ RunTime:0.001000s ]
INFO: [ app_begin ] --START--
INFO: Run Behavior\ReadHtmlCacheBehavior [ RunTime:0.001000s ]
INFO: [ app_begin ] --END-- [ RunTime:0.001000s ]
SQL: SHOW COLUMNS FROM `hm_auth_group_access` [ RunTime:0.0100s ]
SQL: SELECT `uid`,`group_id`,`title`,`rules` FROM hm_auth_group_access a INNER JOIN hm_auth_group g on a.group_id=g.id  WHERE ( a.uid='19' and g.status='1' )  [ RunTime:0.0100s ]
SQL: SHOW COLUMNS FROM `hm_auth_rule` [ RunTime:0.0100s ]
SQL: SELECT `situation`,`name` FROM `hm_auth_rule` WHERE `id` IN ('6','8','9','10','12','13','14','15','17','18','19','20','21','22','23','24','25','26','27','28','29','30','31','33','34','35','36','37','38','39','40','41') AND `status` = 1  [ RunTime:0.0100s ]
SQL: SHOW COLUMNS FROM `hm_goods` [ RunTime:0.0100s ]
SQL: SELECT `id`,`name`,`price`,`tid`,`des`,`status`,`viewtimes`,`saled`,`addtime` FROM `hm_goods`  [ RunTime:0.0100s ]
SQL: SELECT `id`,`name`,`price`,`tid`,`des`,`status`,`viewtimes`,`saled`,`addtime` FROM `hm_goods` ORDER BY id desc LIMIT 0,10   [ RunTime:0.0110s ]
SQL: SHOW COLUMNS FROM `hm_goods_detail` [ RunTime:0.0100s ]
SQL: SELECT `detail` FROM `hm_goods_detail` WHERE ( gid=188 )  [ RunTime:0.0120s ]
SQL: SELECT `detail` FROM `hm_goods_detail` WHERE ( gid=187 )  [ RunTime:0.0120s ]
SQL: SELECT `detail` FROM `hm_goods_detail` WHERE ( gid=186 )  [ RunTime:0.0170s ]
SQL: SELECT `detail` FROM `hm_goods_detail` WHERE ( gid=185 )  [ RunTime:0.0180s ]
SQL: SELECT `detail` FROM `hm_goods_detail` WHERE ( gid=184 )  [ RunTime:0.0170s ]
SQL: SELECT `detail` FROM `hm_goods_detail` WHERE ( gid=183 )  [ RunTime:0.0100s ]
SQL: SELECT `detail` FROM `hm_goods_detail` WHERE ( gid=182 )  [ RunTime:0.0100s ]
SQL: SELECT `detail` FROM `hm_goods_detail` WHERE ( gid=179 )  [ RunTime:0.0110s ]
SQL: SHOW COLUMNS FROM `hm_type` [ RunTime:0.0110s ]
SQL: SELECT `id`,`name` FROM `hm_type`  [ RunTime:0.0140s ]
INFO: [ view_parse ] --START--
INFO: [ template_filter ] --START--
INFO: Run Behavior\ContentReplaceBehavior [ RunTime:0.000000s ]
INFO: [ template_filter ] --END-- [ RunTime:0.000000s ]
INFO: Run Behavior\ParseTemplateBehavior [ RunTime:0.030002s ]
INFO: [ view_parse ] --END-- [ RunTime:0.030002s ]
INFO: [ view_filter ] --START--
INFO: Run Behavior\WriteHtmlCacheBehavior [ RunTime:0.001000s ]
INFO: [ view_filter ] --END-- [ RunTime:0.001000s ]
INFO: [ app_end ] --START--
INFO: Run Behavior\ShowPageTraceBehavior [ RunTime:0.000000s ]
INFO: [ app_end ] --END-- [ RunTime:0.000000s ]

[ 2017-04-18T10:51:37+08:00 ] ::1 /last/LastMission/project/index.php/HMadmin/Goods/addGood
INFO: [ app_init ] --START--
INFO: Run Behavior\BuildLiteBehavior [ RunTime:0.000000s ]
INFO: [ app_init ] --END-- [ RunTime:0.001001s ]
INFO: [ app_begin ] --START--
INFO: Run Behavior\ReadHtmlCacheBehavior [ RunTime:0.000000s ]
INFO: [ app_begin ] --END-- [ RunTime:0.001000s ]
SQL: SHOW COLUMNS FROM `hm_auth_group_access` [ RunTime:0.0640s ]
SQL: SELECT `uid`,`group_id`,`title`,`rules` FROM hm_auth_group_access a INNER JOIN hm_auth_group g on a.group_id=g.id  WHERE ( a.uid='19' and g.status='1' )  [ RunTime:0.0740s ]
SQL: SHOW COLUMNS FROM `hm_auth_rule` [ RunTime:0.0710s ]
SQL: SELECT `situation`,`name` FROM `hm_auth_rule` WHERE `id` IN ('6','8','9','10','12','13','14','15','17','18','19','20','21','22','23','24','25','26','27','28','29','30','31','33','34','35','36','37','38','39','40','41') AND `status` = 1  [ RunTime:0.0680s ]
SQL: SHOW COLUMNS FROM `hm_goods` [ RunTime:0.0780s ]
SQL: SHOW COLUMNS FROM `hm_type` [ RunTime:0.0680s ]
SQL: SELECT * FROM `hm_type` ORDER BY concat(path, id)  [ RunTime:0.0770s ]
SQL: SHOW COLUMNS FROM `hm_attr` [ RunTime:0.0560s ]
SQL: SELECT * FROM `hm_attr`  [ RunTime:0.0240s ]
INFO: [ view_parse ] --START--
INFO: [ template_filter ] --START--
INFO: Run Behavior\ContentReplaceBehavior [ RunTime:0.001000s ]
INFO: [ template_filter ] --END-- [ RunTime:0.001000s ]
INFO: Run Behavior\ParseTemplateBehavior [ RunTime:0.025001s ]
INFO: [ view_parse ] --END-- [ RunTime:0.026001s ]
INFO: [ view_filter ] --START--
INFO: Run Behavior\WriteHtmlCacheBehavior [ RunTime:0.001000s ]
INFO: [ view_filter ] --END-- [ RunTime:0.002000s ]
INFO: [ app_end ] --START--
INFO: Run Behavior\ShowPageTraceBehavior [ RunTime:0.001000s ]
INFO: [ app_end ] --END-- [ RunTime:0.001000s ]

[ 2017-04-18T10:52:00+08:00 ] ::1 /last/LastMission/project/index.php/HMadmin/Goods/upload/
INFO: [ app_init ] --START--
INFO: Run Behavior\BuildLiteBehavior [ RunTime:0.000000s ]
INFO: [ app_init ] --END-- [ RunTime:0.000000s ]
INFO: [ app_begin ] --START--
INFO: Run Behavior\ReadHtmlCacheBehavior [ RunTime:0.001000s ]
INFO: [ app_begin ] --END-- [ RunTime:0.001000s ]
SQL: SHOW COLUMNS FROM `hm_auth_group_access` [ RunTime:0.0120s ]
SQL: SELECT `uid`,`group_id`,`title`,`rules` FROM hm_auth_group_access a INNER JOIN hm_auth_group g on a.group_id=g.id  WHERE ( a.uid='19' and g.status='1' )  [ RunTime:0.0090s ]
SQL: SHOW COLUMNS FROM `hm_auth_rule` [ RunTime:0.0100s ]
SQL: SELECT `situation`,`name` FROM `hm_auth_rule` WHERE `id` IN ('6','8','9','10','12','13','14','15','17','18','19','20','21','22','23','24','25','26','27','28','29','30','31','33','34','35','36','37','38','39','40','41') AND `status` = 1  [ RunTime:0.0110s ]
NOTIC: [2] call_user_func() expects parameter 1 to be a valid callback, no array or string given D:\wamp64\www\last\LastMission\project\ThinkPHP\Library\Think\Upload.class.php 第 170 行.
INFO: [ app_end ] --START--
INFO: Run Behavior\ShowPageTraceBehavior [ RunTime:0.001000s ]
INFO: [ app_end ] --END-- [ RunTime:0.001000s ]

[ 2017-04-18T10:52:02+08:00 ] ::1 /last/LastMission/project/index.php/HMadmin/Goods/addGood
INFO: [ app_init ] --START--
INFO: Run Behavior\BuildLiteBehavior [ RunTime:0.000000s ]
INFO: [ app_init ] --END-- [ RunTime:0.001000s ]
INFO: [ app_begin ] --START--
INFO: Run Behavior\ReadHtmlCacheBehavior [ RunTime:0.001000s ]
INFO: [ app_begin ] --END-- [ RunTime:0.002000s ]
SQL: SHOW COLUMNS FROM `hm_auth_group_access` [ RunTime:0.0100s ]
SQL: SELECT `uid`,`group_id`,`title`,`rules` FROM hm_auth_group_access a INNER JOIN hm_auth_group g on a.group_id=g.id  WHERE ( a.uid='19' and g.status='1' )  [ RunTime:0.0100s ]
SQL: SHOW COLUMNS FROM `hm_auth_rule` [ RunTime:0.0150s ]
SQL: SELECT `situation`,`name` FROM `hm_auth_rule` WHERE `id` IN ('6','8','9','10','12','13','14','15','17','18','19','20','21','22','23','24','25','26','27','28','29','30','31','33','34','35','36','37','38','39','40','41') AND `status` = 1  [ RunTime:0.0110s ]
SQL: SHOW COLUMNS FROM `hm_goods` [ RunTime:0.0100s ]
SQL: SELECT * FROM `hm_goods` WHERE `name` = 'VVVVVVVVVVVVVVVVV' LIMIT 1   [ RunTime:0.0110s ]
SQL: SHOW COLUMNS FROM `hm_goods` [ RunTime:0.0100s ]
SQL: INSERT INTO `hm_goods` (`name`,`price`,`des`,`status`,`tid`,`addtime`) VALUES ('VVVVVVVVVVVVVVVVV','1112','asd','1','25','1492483922') [ RunTime:0.0080s ]
SQL: SELECT `id` FROM `hm_goods` WHERE ( name='VVVVVVVVVVVVVVVVV' )  [ RunTime:0.0090s ]
SQL: SHOW COLUMNS FROM `hm_goods_pic` [ RunTime:0.0090s ]
SQL: INSERT INTO `hm_goods_pic` (`gid`,`pic`) VALUES ('192','./Upload/2017-04-18/58f57f5079049.png') [ RunTime:0.0090s ]
SQL: SHOW COLUMNS FROM `hm_goods_detail` [ RunTime:0.0140s ]
SQL: INSERT INTO `hm_goods_detail` (`detail`,`gid`) VALUES ('asdsad','192') [ RunTime:0.0090s ]
INFO: [ view_parse ] --START--
INFO: [ template_filter ] --START--
INFO: Run Behavior\ContentReplaceBehavior [ RunTime:0.000000s ]
INFO: [ template_filter ] --END-- [ RunTime:0.000000s ]
INFO: Run Behavior\ParseTemplateBehavior [ RunTime:0.013001s ]
INFO: [ view_parse ] --END-- [ RunTime:0.014001s ]
INFO: [ view_filter ] --START--
INFO: Run Behavior\WriteHtmlCacheBehavior [ RunTime:0.002000s ]
INFO: [ view_filter ] --END-- [ RunTime:0.002000s ]
INFO: [ app_end ] --START--
INFO: Run Behavior\ShowPageTraceBehavior [ RunTime:0.003000s ]
INFO: [ app_end ] --END-- [ RunTime:0.003000s ]

[ 2017-04-18T10:52:03+08:00 ] ::1 /last/LastMission/project/index.php/HMadmin/Goods/index.html
INFO: [ app_init ] --START--
INFO: Run Behavior\BuildLiteBehavior [ RunTime:0.000000s ]
INFO: [ app_init ] --END-- [ RunTime:0.001000s ]
INFO: [ app_begin ] --START--
INFO: Run Behavior\ReadHtmlCacheBehavior [ RunTime:0.003000s ]
INFO: [ app_begin ] --END-- [ RunTime:0.003000s ]
SQL: SHOW COLUMNS FROM `hm_auth_group_access` [ RunTime:0.0240s ]
SQL: SELECT `uid`,`group_id`,`title`,`rules` FROM hm_auth_group_access a INNER JOIN hm_auth_group g on a.group_id=g.id  WHERE ( a.uid='19' and g.status='1' )  [ RunTime:0.0100s ]
SQL: SHOW COLUMNS FROM `hm_auth_rule` [ RunTime:0.0110s ]
SQL: SELECT `situation`,`name` FROM `hm_auth_rule` WHERE `id` IN ('6','8','9','10','12','13','14','15','17','18','19','20','21','22','23','24','25','26','27','28','29','30','31','33','34','35','36','37','38','39','40','41') AND `status` = 1  [ RunTime:0.0160s ]
SQL: SHOW COLUMNS FROM `hm_goods` [ RunTime:0.0110s ]
SQL: SELECT `id`,`name`,`price`,`tid`,`des`,`status`,`viewtimes`,`saled`,`addtime` FROM `hm_goods`  [ RunTime:0.0100s ]
SQL: SELECT `id`,`name`,`price`,`tid`,`des`,`status`,`viewtimes`,`saled`,`addtime` FROM `hm_goods` ORDER BY id desc LIMIT 0,10   [ RunTime:0.0140s ]
SQL: SHOW COLUMNS FROM `hm_goods_detail` [ RunTime:0.0110s ]
SQL: SELECT `detail` FROM `hm_goods_detail` WHERE ( gid=192 )  [ RunTime:0.0100s ]
SQL: SELECT `detail` FROM `hm_goods_detail` WHERE ( gid=188 )  [ RunTime:0.0120s ]
SQL: SELECT `detail` FROM `hm_goods_detail` WHERE ( gid=187 )  [ RunTime:0.0100s ]
SQL: SELECT `detail` FROM `hm_goods_detail` WHERE ( gid=186 )  [ RunTime:0.0100s ]
SQL: SELECT `detail` FROM `hm_goods_detail` WHERE ( gid=185 )  [ RunTime:0.0110s ]
SQL: SELECT `detail` FROM `hm_goods_detail` WHERE ( gid=184 )  [ RunTime:0.0100s ]
SQL: SELECT `detail` FROM `hm_goods_detail` WHERE ( gid=183 )  [ RunTime:0.0100s ]
SQL: SELECT `detail` FROM `hm_goods_detail` WHERE ( gid=182 )  [ RunTime:0.0110s ]
SQL: SELECT `detail` FROM `hm_goods_detail` WHERE ( gid=179 )  [ RunTime:0.0110s ]
SQL: SHOW COLUMNS FROM `hm_type` [ RunTime:0.0100s ]
SQL: SELECT `id`,`name` FROM `hm_type`  [ RunTime:0.0130s ]
INFO: [ view_parse ] --START--
INFO: [ template_filter ] --START--
INFO: Run Behavior\ContentReplaceBehavior [ RunTime:0.000000s ]
INFO: [ template_filter ] --END-- [ RunTime:0.000000s ]
INFO: Run Behavior\ParseTemplateBehavior [ RunTime:0.017001s ]
INFO: [ view_parse ] --END-- [ RunTime:0.017001s ]
INFO: [ view_filter ] --START--
INFO: Run Behavior\WriteHtmlCacheBehavior [ RunTime:0.001000s ]
INFO: [ view_filter ] --END-- [ RunTime:0.001000s ]
INFO: [ app_end ] --START--
INFO: Run Behavior\ShowPageTraceBehavior [ RunTime:0.002000s ]
INFO: [ app_end ] --END-- [ RunTime:0.002000s ]

[ 2017-04-18T10:52:26+08:00 ] ::1 /last/LastMission/project/index.php/HMadmin/Goods/stockDeatil/gid/192
INFO: [ app_init ] --START--
INFO: Run Behavior\BuildLiteBehavior [ RunTime:0.000000s ]
INFO: [ app_init ] --END-- [ RunTime:0.001000s ]
INFO: [ app_begin ] --START--
INFO: Run Behavior\ReadHtmlCacheBehavior [ RunTime:0.001000s ]
INFO: [ app_begin ] --END-- [ RunTime:0.002000s ]
SQL: SHOW COLUMNS FROM `hm_auth_group_access` [ RunTime:0.0110s ]
SQL: SELECT `uid`,`group_id`,`title`,`rules` FROM hm_auth_group_access a INNER JOIN hm_auth_group g on a.group_id=g.id  WHERE ( a.uid='19' and g.status='1' )  [ RunTime:0.0090s ]
SQL: SHOW COLUMNS FROM `hm_auth_rule` [ RunTime:0.0090s ]
SQL: SELECT `situation`,`name` FROM `hm_auth_rule` WHERE `id` IN ('6','8','9','10','12','13','14','15','17','18','19','20','21','22','23','24','25','26','27','28','29','30','31','33','34','35','36','37','38','39','40','41') AND `status` = 1  [ RunTime:0.0090s ]
SQL: SHOW COLUMNS FROM `hm_goods` [ RunTime:0.0090s ]
SQL: SHOW COLUMNS FROM `hm_stock` [ RunTime:0.0110s ]
SQL: SELECT `id`,`aid`,`goodsNum` FROM `hm_stock` WHERE ( gid=192 )  [ RunTime:0.0090s ]
INFO: [ view_parse ] --START--
INFO: [ template_filter ] --START--
INFO: Run Behavior\ContentReplaceBehavior [ RunTime:0.000000s ]
INFO: [ template_filter ] --END-- [ RunTime:0.000000s ]
INFO: Run Behavior\ParseTemplateBehavior [ RunTime:0.012000s ]
INFO: [ view_parse ] --END-- [ RunTime:0.012000s ]
INFO: [ view_filter ] --START--
INFO: Run Behavior\WriteHtmlCacheBehavior [ RunTime:0.001000s ]
INFO: [ view_filter ] --END-- [ RunTime:0.001000s ]
INFO: [ app_end ] --START--
INFO: Run Behavior\ShowPageTraceBehavior [ RunTime:0.001000s ]
INFO: [ app_end ] --END-- [ RunTime:0.001000s ]

[ 2017-04-18T10:52:27+08:00 ] ::1 /last/LastMission/project/index.php/HMadmin/Goods/addstock/gid/192
INFO: [ app_init ] --START--
INFO: Run Behavior\BuildLiteBehavior [ RunTime:0.000000s ]
INFO: [ app_init ] --END-- [ RunTime:0.001000s ]
INFO: [ app_begin ] --START--
INFO: Run Behavior\ReadHtmlCacheBehavior [ RunTime:0.002000s ]
INFO: [ app_begin ] --END-- [ RunTime:0.002000s ]
SQL: SHOW COLUMNS FROM `hm_auth_group_access` [ RunTime:0.0100s ]
SQL: SELECT `uid`,`group_id`,`title`,`rules` FROM hm_auth_group_access a INNER JOIN hm_auth_group g on a.group_id=g.id  WHERE ( a.uid='19' and g.status='1' )  [ RunTime:0.0110s ]
SQL: SHOW COLUMNS FROM `hm_auth_rule` [ RunTime:0.0100s ]
SQL: SELECT `situation`,`name` FROM `hm_auth_rule` WHERE `id` IN ('6','8','9','10','12','13','14','15','17','18','19','20','21','22','23','24','25','26','27','28','29','30','31','33','34','35','36','37','38','39','40','41') AND `status` = 1  [ RunTime:0.0110s ]
SQL: SHOW COLUMNS FROM `hm_attr` [ RunTime:0.0100s ]
SQL: SELECT `id`,`attrName` FROM `hm_attr` WHERE ( id<4 )  [ RunTime:0.0100s ]
SQL: SELECT `id`,`attrName` FROM `hm_attr` WHERE ( id>3 )  [ RunTime:0.0090s ]
INFO: [ view_parse ] --START--
INFO: [ template_filter ] --START--
INFO: Run Behavior\ContentReplaceBehavior [ RunTime:0.000000s ]
INFO: [ template_filter ] --END-- [ RunTime:0.000000s ]
INFO: Run Behavior\ParseTemplateBehavior [ RunTime:0.010001s ]
INFO: [ view_parse ] --END-- [ RunTime:0.010001s ]
INFO: [ view_filter ] --START--
INFO: Run Behavior\WriteHtmlCacheBehavior [ RunTime:0.001000s ]
INFO: [ view_filter ] --END-- [ RunTime:0.001000s ]
INFO: [ app_end ] --START--
INFO: Run Behavior\ShowPageTraceBehavior [ RunTime:0.002000s ]
INFO: [ app_end ] --END-- [ RunTime:0.002000s ]

[ 2017-04-18T10:52:35+08:00 ] ::1 /last/LastMission/project/index.php/HMadmin/Goods/addStock
INFO: [ app_init ] --START--
INFO: Run Behavior\BuildLiteBehavior [ RunTime:0.000000s ]
INFO: [ app_init ] --END-- [ RunTime:0.001000s ]
INFO: [ app_begin ] --START--
INFO: Run Behavior\ReadHtmlCacheBehavior [ RunTime:0.000000s ]
INFO: [ app_begin ] --END-- [ RunTime:0.000000s ]
SQL: SHOW COLUMNS FROM `hm_auth_group_access` [ RunTime:0.0090s ]
SQL: SELECT `uid`,`group_id`,`title`,`rules` FROM hm_auth_group_access a INNER JOIN hm_auth_group g on a.group_id=g.id  WHERE ( a.uid='19' and g.status='1' )  [ RunTime:0.0190s ]
SQL: SHOW COLUMNS FROM `hm_auth_rule` [ RunTime:0.0110s ]
SQL: SELECT `situation`,`name` FROM `hm_auth_rule` WHERE `id` IN ('6','8','9','10','12','13','14','15','17','18','19','20','21','22','23','24','25','26','27','28','29','30','31','33','34','35','36','37','38','39','40','41') AND `status` = 1  [ RunTime:0.0210s ]
SQL: SHOW COLUMNS FROM `hm_goods` [ RunTime:0.0100s ]
SQL: SHOW COLUMNS FROM `hm_stock` [ RunTime:0.0100s ]
SQL: INSERT INTO `hm_stock` (`goodsNum`,`aid`,`gid`) VALUES ('22','3,6','192') [ RunTime:0.0230s ]
SQL: SHOW COLUMNS FROM `hm_goods` [ RunTime:0.0120s ]
SQL: SELECT hm_goods.id,hm_goods.name,hm_goods.price,hm_goods.tid,hm_goods.status,hm_stock.aid FROM `hm_goods` left join hm_stock ON hm_goods.id = hm_stock.gid  WHERE ( hm_goods.id = 192 )  [ RunTime:0.0110s ]
SQL: SHOW COLUMNS FROM `hm_attr` [ RunTime:0.0130s ]
SQL: SELECT `attrName` FROM `hm_attr` WHERE ( id in (3,6) )  [ RunTime:0.0090s ]
INFO: [ view_parse ] --START--
INFO: [ template_filter ] --START--
INFO: Run Behavior\ContentReplaceBehavior [ RunTime:0.000000s ]
INFO: [ template_filter ] --END-- [ RunTime:0.000000s ]
INFO: Run Behavior\ParseTemplateBehavior [ RunTime:0.014001s ]
INFO: [ view_parse ] --END-- [ RunTime:0.014001s ]
INFO: [ view_filter ] --START--
INFO: Run Behavior\WriteHtmlCacheBehavior [ RunTime:0.001000s ]
INFO: [ view_filter ] --END-- [ RunTime:0.001000s ]
INFO: [ app_end ] --START--
INFO: Run Behavior\ShowPageTraceBehavior [ RunTime:0.001000s ]
INFO: [ app_end ] --END-- [ RunTime:0.002000s ]

[ 2017-04-18T10:52:37+08:00 ] ::1 /last/LastMission/project/index.php/HMadmin/Goods/Index/index
INFO: [ app_init ] --START--
INFO: Run Behavior\BuildLiteBehavior [ RunTime:0.000000s ]
INFO: [ app_init ] --END-- [ RunTime:0.001000s ]
INFO: [ app_begin ] --START--
INFO: Run Behavior\ReadHtmlCacheBehavior [ RunTime:0.001000s ]
INFO: [ app_begin ] --END-- [ RunTime:0.001000s ]
SQL: SHOW COLUMNS FROM `hm_auth_group_access` [ RunTime:0.0100s ]
SQL: SELECT `uid`,`group_id`,`title`,`rules` FROM hm_auth_group_access a INNER JOIN hm_auth_group g on a.group_id=g.id  WHERE ( a.uid='19' and g.status='1' )  [ RunTime:0.0100s ]
SQL: SHOW COLUMNS FROM `hm_auth_rule` [ RunTime:0.0090s ]
SQL: SELECT `situation`,`name` FROM `hm_auth_rule` WHERE `id` IN ('6','8','9','10','12','13','14','15','17','18','19','20','21','22','23','24','25','26','27','28','29','30','31','33','34','35','36','37','38','39','40','41') AND `status` = 1  [ RunTime:0.0090s ]
SQL: SHOW COLUMNS FROM `hm_goods` [ RunTime:0.0090s ]
SQL: SELECT `id`,`name`,`price`,`tid`,`des`,`status`,`viewtimes`,`saled`,`addtime` FROM `hm_goods`  [ RunTime:0.0100s ]
SQL: SELECT `id`,`name`,`price`,`tid`,`des`,`status`,`viewtimes`,`saled`,`addtime` FROM `hm_goods` ORDER BY id desc LIMIT 0,10   [ RunTime:0.0090s ]
SQL: SHOW COLUMNS FROM `hm_goods_detail` [ RunTime:0.0110s ]
SQL: SELECT `detail` FROM `hm_goods_detail` WHERE ( gid=192 )  [ RunTime:0.0080s ]
SQL: SELECT `detail` FROM `hm_goods_detail` WHERE ( gid=188 )  [ RunTime:0.0090s ]
SQL: SELECT `detail` FROM `hm_goods_detail` WHERE ( gid=187 )  [ RunTime:0.0090s ]
SQL: SELECT `detail` FROM `hm_goods_detail` WHERE ( gid=186 )  [ RunTime:0.0090s ]
SQL: SELECT `detail` FROM `hm_goods_detail` WHERE ( gid=185 )  [ RunTime:0.0090s ]
SQL: SELECT `detail` FROM `hm_goods_detail` WHERE ( gid=184 )  [ RunTime:0.0130s ]
SQL: SELECT `detail` FROM `hm_goods_detail` WHERE ( gid=183 )  [ RunTime:0.0090s ]
SQL: SELECT `detail` FROM `hm_goods_detail` WHERE ( gid=182 )  [ RunTime:0.0080s ]
SQL: SELECT `detail` FROM `hm_goods_detail` WHERE ( gid=179 )  [ RunTime:0.0080s ]
SQL: SHOW COLUMNS FROM `hm_type` [ RunTime:0.0090s ]
SQL: SELECT `id`,`name` FROM `hm_type`  [ RunTime:0.0100s ]
INFO: [ view_parse ] --START--
INFO: [ template_filter ] --START--
INFO: Run Behavior\ContentReplaceBehavior [ RunTime:0.000000s ]
INFO: [ template_filter ] --END-- [ RunTime:0.000000s ]
INFO: Run Behavior\ParseTemplateBehavior [ RunTime:0.032002s ]
INFO: [ view_parse ] --END-- [ RunTime:0.033002s ]
INFO: [ view_filter ] --START--
INFO: Run Behavior\WriteHtmlCacheBehavior [ RunTime:0.002000s ]
INFO: [ view_filter ] --END-- [ RunTime:0.002000s ]
INFO: [ app_end ] --START--
INFO: Run Behavior\ShowPageTraceBehavior [ RunTime:0.007000s ]
INFO: [ app_end ] --END-- [ RunTime:0.008000s ]

[ 2017-04-18T10:53:12+08:00 ] ::1 /last/LastMission/project/index.php/HMadmin/Goods/stockDeatil/gid/192
INFO: [ app_init ] --START--
INFO: Run Behavior\BuildLiteBehavior [ RunTime:0.000000s ]
INFO: [ app_init ] --END-- [ RunTime:0.000000s ]
INFO: [ app_begin ] --START--
INFO: Run Behavior\ReadHtmlCacheBehavior [ RunTime:0.000000s ]
INFO: [ app_begin ] --END-- [ RunTime:0.000000s ]
SQL: SHOW COLUMNS FROM `hm_auth_group_access` [ RunTime:0.0090s ]
SQL: SELECT `uid`,`group_id`,`title`,`rules` FROM hm_auth_group_access a INNER JOIN hm_auth_group g on a.group_id=g.id  WHERE ( a.uid='19' and g.status='1' )  [ RunTime:0.0080s ]
SQL: SHOW COLUMNS FROM `hm_auth_rule` [ RunTime:0.0090s ]
SQL: SELECT `situation`,`name` FROM `hm_auth_rule` WHERE `id` IN ('6','8','9','10','12','13','14','15','17','18','19','20','21','22','23','24','25','26','27','28','29','30','31','33','34','35','36','37','38','39','40','41') AND `status` = 1  [ RunTime:0.0090s ]
SQL: SHOW COLUMNS FROM `hm_goods` [ RunTime:0.0100s ]
SQL: SHOW COLUMNS FROM `hm_stock` [ RunTime:0.0140s ]
SQL: SELECT `id`,`aid`,`goodsNum` FROM `hm_stock` WHERE ( gid=192 )  [ RunTime:0.0100s ]
SQL: SHOW COLUMNS FROM `hm_attr` [ RunTime:0.0100s ]
SQL: SELECT `attrName` FROM `hm_attr` WHERE `id` = 3  [ RunTime:0.0110s ]
SQL: SELECT `attrName` FROM `hm_attr` WHERE `id` = 6  [ RunTime:0.0090s ]
INFO: [ view_parse ] --START--
INFO: [ template_filter ] --START--
INFO: Run Behavior\ContentReplaceBehavior [ RunTime:0.000000s ]
INFO: [ template_filter ] --END-- [ RunTime:0.001000s ]
INFO: Run Behavior\ParseTemplateBehavior [ RunTime:0.028002s ]
INFO: [ view_parse ] --END-- [ RunTime:0.029002s ]
INFO: [ view_filter ] --START--
INFO: Run Behavior\WriteHtmlCacheBehavior [ RunTime:0.003000s ]
INFO: [ view_filter ] --END-- [ RunTime:0.003000s ]
INFO: [ app_end ] --START--
INFO: Run Behavior\ShowPageTraceBehavior [ RunTime:0.003000s ]
INFO: [ app_end ] --END-- [ RunTime:0.004000s ]

[ 2017-04-18T10:53:18+08:00 ] ::1 /last/LastMission/project/index.php/HMadmin/Goods/stockDel?id=111
INFO: [ app_init ] --START--
INFO: Run Behavior\BuildLiteBehavior [ RunTime:0.000000s ]
INFO: [ app_init ] --END-- [ RunTime:0.001000s ]
INFO: [ app_begin ] --START--
INFO: Run Behavior\ReadHtmlCacheBehavior [ RunTime:0.001000s ]
INFO: [ app_begin ] --END-- [ RunTime:0.001000s ]
SQL: SHOW COLUMNS FROM `hm_auth_group_access` [ RunTime:0.0080s ]
SQL: SELECT `uid`,`group_id`,`title`,`rules` FROM hm_auth_group_access a INNER JOIN hm_auth_group g on a.group_id=g.id  WHERE ( a.uid='19' and g.status='1' )  [ RunTime:0.0080s ]
SQL: SHOW COLUMNS FROM `hm_auth_rule` [ RunTime:0.0140s ]
SQL: SELECT `situation`,`name` FROM `hm_auth_rule` WHERE `id` IN ('6','8','9','10','12','13','14','15','17','18','19','20','21','22','23','24','25','26','27','28','29','30','31','33','34','35','36','37','38','39','40','41') AND `status` = 1  [ RunTime:0.0150s ]
SQL: SHOW COLUMNS FROM `hm_goods` [ RunTime:0.0100s ]
SQL: SHOW COLUMNS FROM `hm_stock` [ RunTime:0.0130s ]
SQL: DELETE FROM `hm_stock` WHERE `id` = 111 [ RunTime:0.0140s ]

[ 2017-04-18T10:55:29+08:00 ] ::1 /last/LastMission/project/index.php/HMadmin/Goods/stockDeatil/gid/192
INFO: [ app_init ] --START--
INFO: Run Behavior\BuildLiteBehavior [ RunTime:0.000000s ]
INFO: [ app_init ] --END-- [ RunTime:0.001000s ]
INFO: [ app_begin ] --START--
INFO: Run Behavior\ReadHtmlCacheBehavior [ RunTime:0.001000s ]
INFO: [ app_begin ] --END-- [ RunTime:0.001000s ]
SQL: SHOW COLUMNS FROM `hm_auth_group_access` [ RunTime:0.0420s ]
SQL: SELECT `uid`,`group_id`,`title`,`rules` FROM hm_auth_group_access a INNER JOIN hm_auth_group g on a.group_id=g.id  WHERE ( a.uid='19' and g.status='1' )  [ RunTime:0.0440s ]
SQL: SHOW COLUMNS FROM `hm_auth_rule` [ RunTime:0.0360s ]
SQL: SELECT `situation`,`name` FROM `hm_auth_rule` WHERE `id` IN ('6','8','9','10','12','13','14','15','17','18','19','20','21','22','23','24','25','26','27','28','29','30','31','33','34','35','36','37','38','39','40','41') AND `status` = 1  [ RunTime:0.0450s ]
SQL: SHOW COLUMNS FROM `hm_goods` [ RunTime:0.0630s ]
SQL: SHOW COLUMNS FROM `hm_stock` [ RunTime:0.0340s ]
SQL: SELECT `id`,`aid`,`goodsNum` FROM `hm_stock` WHERE ( gid=192 )  [ RunTime:0.0430s ]
INFO: [ view_parse ] --START--
INFO: [ template_filter ] --START--
INFO: Run Behavior\ContentReplaceBehavior [ RunTime:0.000000s ]
INFO: [ template_filter ] --END-- [ RunTime:0.000000s ]
INFO: Run Behavior\ParseTemplateBehavior [ RunTime:0.030002s ]
INFO: [ view_parse ] --END-- [ RunTime:0.030002s ]
INFO: [ view_filter ] --START--
INFO: Run Behavior\WriteHtmlCacheBehavior [ RunTime:0.001000s ]
INFO: [ view_filter ] --END-- [ RunTime:0.001000s ]
INFO: [ app_end ] --START--
INFO: Run Behavior\ShowPageTraceBehavior [ RunTime:0.001000s ]
INFO: [ app_end ] --END-- [ RunTime:0.001000s ]

[ 2017-04-18T10:55:34+08:00 ] ::1 /last/LastMission/project/index.php/HMadmin/Goods/Index
INFO: [ app_init ] --START--
INFO: Run Behavior\BuildLiteBehavior [ RunTime:0.000000s ]
INFO: [ app_init ] --END-- [ RunTime:0.000000s ]
INFO: [ app_begin ] --START--
INFO: Run Behavior\ReadHtmlCacheBehavior [ RunTime:0.000000s ]
INFO: [ app_begin ] --END-- [ RunTime:0.000000s ]
SQL: SHOW COLUMNS FROM `hm_auth_group_access` [ RunTime:0.0520s ]
SQL: SELECT `uid`,`group_id`,`title`,`rules` FROM hm_auth_group_access a INNER JOIN hm_auth_group g on a.group_id=g.id  WHERE ( a.uid='19' and g.status='1' )  [ RunTime:0.0890s ]
SQL: SHOW COLUMNS FROM `hm_auth_rule` [ RunTime:0.0580s ]
SQL: SELECT `situation`,`name` FROM `hm_auth_rule` WHERE `id` IN ('6','8','9','10','12','13','14','15','17','18','19','20','21','22','23','24','25','26','27','28','29','30','31','33','34','35','36','37','38','39','40','41') AND `status` = 1  [ RunTime:0.0510s ]
SQL: SHOW COLUMNS FROM `hm_goods` [ RunTime:0.0940s ]
SQL: SELECT `id`,`name`,`price`,`tid`,`des`,`status`,`viewtimes`,`saled`,`addtime` FROM `hm_goods`  [ RunTime:0.0810s ]
SQL: SELECT `id`,`name`,`price`,`tid`,`des`,`status`,`viewtimes`,`saled`,`addtime` FROM `hm_goods` ORDER BY id desc LIMIT 0,10   [ RunTime:0.0770s ]
SQL: SHOW COLUMNS FROM `hm_goods_detail` [ RunTime:0.0750s ]
SQL: SELECT `detail` FROM `hm_goods_detail` WHERE ( gid=192 )  [ RunTime:0.0550s ]
SQL: SELECT `detail` FROM `hm_goods_detail` WHERE ( gid=188 )  [ RunTime:0.0390s ]
SQL: SELECT `detail` FROM `hm_goods_detail` WHERE ( gid=187 )  [ RunTime:0.0390s ]
SQL: SELECT `detail` FROM `hm_goods_detail` WHERE ( gid=186 )  [ RunTime:0.0380s ]
SQL: SELECT `detail` FROM `hm_goods_detail` WHERE ( gid=185 )  [ RunTime:0.0390s ]
SQL: SELECT `detail` FROM `hm_goods_detail` WHERE ( gid=184 )  [ RunTime:0.0430s ]
SQL: SELECT `detail` FROM `hm_goods_detail` WHERE ( gid=183 )  [ RunTime:0.0700s ]
SQL: SELECT `detail` FROM `hm_goods_detail` WHERE ( gid=182 )  [ RunTime:0.0750s ]
SQL: SELECT `detail` FROM `hm_goods_detail` WHERE ( gid=179 )  [ RunTime:0.0580s ]
SQL: SHOW COLUMNS FROM `hm_type` [ RunTime:0.0760s ]
SQL: SELECT `id`,`name` FROM `hm_type`  [ RunTime:0.0650s ]
INFO: [ view_parse ] --START--
INFO: [ template_filter ] --START--
INFO: Run Behavior\ContentReplaceBehavior [ RunTime:0.000000s ]
INFO: [ template_filter ] --END-- [ RunTime:0.001000s ]
INFO: Run Behavior\ParseTemplateBehavior [ RunTime:0.022001s ]
INFO: [ view_parse ] --END-- [ RunTime:0.022001s ]
INFO: [ view_filter ] --START--
INFO: Run Behavior\WriteHtmlCacheBehavior [ RunTime:0.001000s ]
INFO: [ view_filter ] --END-- [ RunTime:0.001000s ]
INFO: [ app_end ] --START--
INFO: Run Behavior\ShowPageTraceBehavior [ RunTime:0.001000s ]
INFO: [ app_end ] --END-- [ RunTime:0.001000s ]

[ 2017-04-18T10:55:39+08:00 ] ::1 /last/LastMission/project/index.php/HMadmin/Goods/ajaxDelete?id=192
INFO: [ app_init ] --START--
INFO: Run Behavior\BuildLiteBehavior [ RunTime:0.000000s ]
INFO: [ app_init ] --END-- [ RunTime:0.001000s ]
INFO: [ app_begin ] --START--
INFO: Run Behavior\ReadHtmlCacheBehavior [ RunTime:0.001000s ]
INFO: [ app_begin ] --END-- [ RunTime:0.001000s ]
SQL: SHOW COLUMNS FROM `hm_auth_group_access` [ RunTime:0.0430s ]
SQL: SELECT `uid`,`group_id`,`title`,`rules` FROM hm_auth_group_access a INNER JOIN hm_auth_group g on a.group_id=g.id  WHERE ( a.uid='19' and g.status='1' )  [ RunTime:0.0530s ]
SQL: SHOW COLUMNS FROM `hm_auth_rule` [ RunTime:0.0700s ]
SQL: SELECT `situation`,`name` FROM `hm_auth_rule` WHERE `id` IN ('6','8','9','10','12','13','14','15','17','18','19','20','21','22','23','24','25','26','27','28','29','30','31','33','34','35','36','37','38','39','40','41') AND `status` = 1  [ RunTime:0.0690s ]
SQL: SHOW COLUMNS FROM `hm_goods` [ RunTime:0.0570s ]
SQL: SHOW COLUMNS FROM `hm_goods` [ RunTime:0.0340s ]
SQL: DELETE FROM `hm_goods` WHERE `id` = 192 [ RunTime:0.0680s ]
SQL: SHOW COLUMNS FROM `hm_goods_detail` [ RunTime:0.0540s ]
SQL: DELETE FROM `hm_goods_detail` WHERE ( gid=192 ) [ RunTime:0.0720s ]
SQL: SHOW COLUMNS FROM `hm_goods_pic` [ RunTime:0.0800s ]
SQL: DELETE FROM `hm_goods_pic` WHERE ( gid=192 ) [ RunTime:0.0930s ]
SQL: SHOW COLUMNS FROM `hm_stock` [ RunTime:0.3400s ]
SQL: DELETE FROM `hm_stock` WHERE ( gid=192 ) [ RunTime:0.0390s ]

[ 2017-04-18T19:42:16+08:00 ] ::1 /last/LastMission/project/HMadmin/Index/index
INFO: [ app_init ] --START--
INFO: Run Behavior\BuildLiteBehavior [ RunTime:0.000000s ]
INFO: [ app_init ] --END-- [ RunTime:0.000000s ]
INFO: [ app_begin ] --START--
INFO: Run Behavior\ReadHtmlCacheBehavior [ RunTime:0.001000s ]
INFO: [ app_begin ] --END-- [ RunTime:0.001000s ]
NOTIC: [8] Undefined index: adminInfo D:\wamp64\www\last\LastMission\project\Application\HMadmin\Controller\CommonController.class.php 第 16 行.
INFO: [ view_parse ] --START--
INFO: [ template_filter ] --START--
INFO: Run Behavior\ContentReplaceBehavior [ RunTime:0.000000s ]
INFO: [ template_filter ] --END-- [ RunTime:0.000000s ]
INFO: Run Behavior\ParseTemplateBehavior [ RunTime:0.006000s ]
INFO: [ view_parse ] --END-- [ RunTime:0.006000s ]
INFO: [ view_filter ] --START--
INFO: Run Behavior\WriteHtmlCacheBehavior [ RunTime:0.000000s ]
INFO: [ view_filter ] --END-- [ RunTime:0.000000s ]

[ 2017-04-18T19:42:19+08:00 ] ::1 /last/LastMission/project/index.php/HMadmin/Public/login.html
INFO: [ app_init ] --START--
INFO: Run Behavior\BuildLiteBehavior [ RunTime:0.000000s ]
INFO: [ app_init ] --END-- [ RunTime:0.001000s ]
INFO: [ app_begin ] --START--
INFO: Run Behavior\ReadHtmlCacheBehavior [ RunTime:0.001000s ]
INFO: [ app_begin ] --END-- [ RunTime:0.001000s ]
INFO: [ view_parse ] --START--
INFO: [ template_filter ] --START--
INFO: Run Behavior\ContentReplaceBehavior [ RunTime:0.000000s ]
INFO: [ template_filter ] --END-- [ RunTime:0.000000s ]
INFO: Run Behavior\ParseTemplateBehavior [ RunTime:0.031002s ]
INFO: [ view_parse ] --END-- [ RunTime:0.031002s ]
INFO: [ view_filter ] --START--
INFO: Run Behavior\WriteHtmlCacheBehavior [ RunTime:0.001000s ]
INFO: [ view_filter ] --END-- [ RunTime:0.001000s ]
INFO: [ app_end ] --START--
INFO: Run Behavior\ShowPageTraceBehavior [ RunTime:0.001000s ]
INFO: [ app_end ] --END-- [ RunTime:0.001000s ]

[ 2017-04-18T19:42:22+08:00 ] ::1 /last/LastMission/project/index.php/HMadmin/Public/login.html
INFO: [ app_init ] --START--
INFO: Run Behavior\BuildLiteBehavior [ RunTime:0.000000s ]
INFO: [ app_init ] --END-- [ RunTime:0.001000s ]
INFO: [ app_begin ] --START--
INFO: Run Behavior\ReadHtmlCacheBehavior [ RunTime:0.001001s ]
INFO: [ app_begin ] --END-- [ RunTime:0.001001s ]
SQL: SHOW COLUMNS FROM `hm_admin` [ RunTime:0.0620s ]
SQL: SELECT `id`,`name`,`password` FROM `hm_admin` WHERE `name` = 'van' LIMIT 1   [ RunTime:0.0490s ]
INFO: [ view_parse ] --START--
INFO: [ template_filter ] --START--
INFO: Run Behavior\ContentReplaceBehavior [ RunTime:0.000000s ]
INFO: [ template_filter ] --END-- [ RunTime:0.000000s ]
INFO: Run Behavior\ParseTemplateBehavior [ RunTime:0.005000s ]
INFO: [ view_parse ] --END-- [ RunTime:0.005000s ]
INFO: [ view_filter ] --START--
INFO: Run Behavior\WriteHtmlCacheBehavior [ RunTime:0.000000s ]
INFO: [ view_filter ] --END-- [ RunTime:0.000000s ]

[ 2017-04-18T19:42:23+08:00 ] ::1 /last/LastMission/project/index.php/HMadmin/Index/index.html
INFO: [ app_init ] --START--
INFO: Run Behavior\BuildLiteBehavior [ RunTime:0.000000s ]
INFO: [ app_init ] --END-- [ RunTime:0.000000s ]
INFO: [ app_begin ] --START--
INFO: Run Behavior\ReadHtmlCacheBehavior [ RunTime:0.001000s ]
INFO: [ app_begin ] --END-- [ RunTime:0.001000s ]
SQL: SHOW COLUMNS FROM `hm_auth_group_access` [ RunTime:0.0150s ]
SQL: SELECT `uid`,`group_id`,`title`,`rules` FROM hm_auth_group_access a INNER JOIN hm_auth_group g on a.group_id=g.id  WHERE ( a.uid='19' and g.status='1' )  [ RunTime:0.0080s ]
SQL: SHOW COLUMNS FROM `hm_auth_rule` [ RunTime:0.0090s ]
SQL: SELECT `situation`,`name` FROM `hm_auth_rule` WHERE `id` IN ('6','8','9','10','12','13','14','15','17','18','19','20','21','22','23','24','25','26','27','28','29','30','31','33','34','35','36','37','38','39','40','41') AND `status` = 1  [ RunTime:0.0180s ]
INFO: [ view_parse ] --START--
INFO: [ template_filter ] --START--
INFO: Run Behavior\ContentReplaceBehavior [ RunTime:0.001000s ]
INFO: [ template_filter ] --END-- [ RunTime:0.001000s ]
INFO: Run Behavior\ParseTemplateBehavior [ RunTime:0.084005s ]
INFO: [ view_parse ] --END-- [ RunTime:0.085005s ]
INFO: [ view_filter ] --START--
INFO: Run Behavior\WriteHtmlCacheBehavior [ RunTime:0.003000s ]
INFO: [ view_filter ] --END-- [ RunTime:0.003000s ]
INFO: [ app_end ] --START--
INFO: Run Behavior\ShowPageTraceBehavior [ RunTime:0.004000s ]
INFO: [ app_end ] --END-- [ RunTime:0.006001s ]

[ 2017-04-18T19:42:25+08:00 ] ::1 /last/LastMission/project/index.php/HMadmin/Goods/index
INFO: [ app_init ] --START--
INFO: Run Behavior\BuildLiteBehavior [ RunTime:0.000000s ]
INFO: [ app_init ] --END-- [ RunTime:0.000000s ]
INFO: [ app_begin ] --START--
INFO: Run Behavior\ReadHtmlCacheBehavior [ RunTime:0.000000s ]
INFO: [ app_begin ] --END-- [ RunTime:0.000000s ]
SQL: SHOW COLUMNS FROM `hm_auth_group_access` [ RunTime:0.0090s ]
SQL: SELECT `uid`,`group_id`,`title`,`rules` FROM hm_auth_group_access a INNER JOIN hm_auth_group g on a.group_id=g.id  WHERE ( a.uid='19' and g.status='1' )  [ RunTime:0.0080s ]
SQL: SHOW COLUMNS FROM `hm_auth_rule` [ RunTime:0.0080s ]
SQL: SELECT `situation`,`name` FROM `hm_auth_rule` WHERE `id` IN ('6','8','9','10','12','13','14','15','17','18','19','20','21','22','23','24','25','26','27','28','29','30','31','33','34','35','36','37','38','39','40','41') AND `status` = 1  [ RunTime:0.0090s ]
SQL: SHOW COLUMNS FROM `hm_goods` [ RunTime:0.0090s ]
SQL: SELECT `id`,`name`,`price`,`tid`,`des`,`status`,`viewtimes`,`saled`,`addtime` FROM `hm_goods`  [ RunTime:0.0090s ]
SQL: SELECT `id`,`name`,`price`,`tid`,`des`,`status`,`viewtimes`,`saled`,`addtime` FROM `hm_goods` ORDER BY id desc LIMIT 0,10   [ RunTime:0.0100s ]
SQL: SHOW COLUMNS FROM `hm_goods_detail` [ RunTime:0.0100s ]
SQL: SELECT `detail` FROM `hm_goods_detail` WHERE ( gid=188 )  [ RunTime:0.0080s ]
SQL: SELECT `detail` FROM `hm_goods_detail` WHERE ( gid=187 )  [ RunTime:0.0120s ]
SQL: SELECT `detail` FROM `hm_goods_detail` WHERE ( gid=186 )  [ RunTime:0.0080s ]
SQL: SELECT `detail` FROM `hm_goods_detail` WHERE ( gid=185 )  [ RunTime:0.0150s ]
SQL: SELECT `detail` FROM `hm_goods_detail` WHERE ( gid=184 )  [ RunTime:0.0090s ]
SQL: SELECT `detail` FROM `hm_goods_detail` WHERE ( gid=183 )  [ RunTime:0.0360s ]
SQL: SELECT `detail` FROM `hm_goods_detail` WHERE ( gid=182 )  [ RunTime:0.0240s ]
SQL: SELECT `detail` FROM `hm_goods_detail` WHERE ( gid=179 )  [ RunTime:0.0100s ]
SQL: SHOW COLUMNS FROM `hm_type` [ RunTime:0.0140s ]
SQL: SELECT `id`,`name` FROM `hm_type`  [ RunTime:0.0090s ]
INFO: [ view_parse ] --START--
INFO: [ template_filter ] --START--
INFO: Run Behavior\ContentReplaceBehavior [ RunTime:0.000000s ]
INFO: [ template_filter ] --END-- [ RunTime:0.001000s ]
INFO: Run Behavior\ParseTemplateBehavior [ RunTime:0.014001s ]
INFO: [ view_parse ] --END-- [ RunTime:0.014001s ]
INFO: [ view_filter ] --START--
INFO: Run Behavior\WriteHtmlCacheBehavior [ RunTime:0.000000s ]
INFO: [ view_filter ] --END-- [ RunTime:0.000000s ]
INFO: [ app_end ] --START--
INFO: Run Behavior\ShowPageTraceBehavior [ RunTime:0.001000s ]
INFO: [ app_end ] --END-- [ RunTime:0.001000s ]

[ 2017-04-18T19:42:28+08:00 ] ::1 /last/LastMission/project/index.php/HMadmin/Goods/addGood
INFO: [ app_init ] --START--
INFO: Run Behavior\BuildLiteBehavior [ RunTime:0.000000s ]
INFO: [ app_init ] --END-- [ RunTime:0.001000s ]
INFO: [ app_begin ] --START--
INFO: Run Behavior\ReadHtmlCacheBehavior [ RunTime:0.000000s ]
INFO: [ app_begin ] --END-- [ RunTime:0.001000s ]
SQL: SHOW COLUMNS FROM `hm_auth_group_access` [ RunTime:0.1130s ]
SQL: SELECT `uid`,`group_id`,`title`,`rules` FROM hm_auth_group_access a INNER JOIN hm_auth_group g on a.group_id=g.id  WHERE ( a.uid='19' and g.status='1' )  [ RunTime:0.1250s ]
SQL: SHOW COLUMNS FROM `hm_auth_rule` [ RunTime:0.0980s ]
SQL: SELECT `situation`,`name` FROM `hm_auth_rule` WHERE `id` IN ('6','8','9','10','12','13','14','15','17','18','19','20','21','22','23','24','25','26','27','28','29','30','31','33','34','35','36','37','38','39','40','41') AND `status` = 1  [ RunTime:0.1000s ]
SQL: SHOW COLUMNS FROM `hm_goods` [ RunTime:0.0690s ]
SQL: SHOW COLUMNS FROM `hm_type` [ RunTime:0.0880s ]
SQL: SELECT * FROM `hm_type` ORDER BY concat(path, id)  [ RunTime:0.0890s ]
SQL: SHOW COLUMNS FROM `hm_attr` [ RunTime:0.1230s ]
SQL: SELECT * FROM `hm_attr`  [ RunTime:0.1590s ]
INFO: [ view_parse ] --START--
INFO: [ template_filter ] --START--
INFO: Run Behavior\ContentReplaceBehavior [ RunTime:0.000000s ]
INFO: [ template_filter ] --END-- [ RunTime:0.000000s ]
INFO: Run Behavior\ParseTemplateBehavior [ RunTime:0.079004s ]
INFO: [ view_parse ] --END-- [ RunTime:0.079004s ]
INFO: [ view_filter ] --START--
INFO: Run Behavior\WriteHtmlCacheBehavior [ RunTime:0.002001s ]
INFO: [ view_filter ] --END-- [ RunTime:0.002001s ]
INFO: [ app_end ] --START--
INFO: Run Behavior\ShowPageTraceBehavior [ RunTime:0.002000s ]
INFO: [ app_end ] --END-- [ RunTime:0.002000s ]

[ 2017-04-18T19:42:33+08:00 ] ::1 /last/LastMission/project/index.php/HMadmin/Goods/index
INFO: [ app_init ] --START--
INFO: Run Behavior\BuildLiteBehavior [ RunTime:0.000000s ]
INFO: [ app_init ] --END-- [ RunTime:0.000000s ]
INFO: [ app_begin ] --START--
INFO: Run Behavior\ReadHtmlCacheBehavior [ RunTime:0.001000s ]
INFO: [ app_begin ] --END-- [ RunTime:0.001000s ]
SQL: SHOW COLUMNS FROM `hm_auth_group_access` [ RunTime:0.0600s ]
SQL: SELECT `uid`,`group_id`,`title`,`rules` FROM hm_auth_group_access a INNER JOIN hm_auth_group g on a.group_id=g.id  WHERE ( a.uid='19' and g.status='1' )  [ RunTime:0.1310s ]
SQL: SHOW COLUMNS FROM `hm_auth_rule` [ RunTime:0.0990s ]
SQL: SELECT `situation`,`name` FROM `hm_auth_rule` WHERE `id` IN ('6','8','9','10','12','13','14','15','17','18','19','20','21','22','23','24','25','26','27','28','29','30','31','33','34','35','36','37','38','39','40','41') AND `status` = 1  [ RunTime:0.0930s ]
SQL: SHOW COLUMNS FROM `hm_goods` [ RunTime:0.0780s ]
SQL: SELECT `id`,`name`,`price`,`tid`,`des`,`status`,`viewtimes`,`saled`,`addtime` FROM `hm_goods`  [ RunTime:0.0840s ]
SQL: SELECT `id`,`name`,`price`,`tid`,`des`,`status`,`viewtimes`,`saled`,`addtime` FROM `hm_goods` ORDER BY id desc LIMIT 0,10   [ RunTime:0.0510s ]
SQL: SHOW COLUMNS FROM `hm_goods_detail` [ RunTime:0.0810s ]
SQL: SELECT `detail` FROM `hm_goods_detail` WHERE ( gid=188 )  [ RunTime:0.0630s ]
SQL: SELECT `detail` FROM `hm_goods_detail` WHERE ( gid=187 )  [ RunTime:0.1080s ]
SQL: SELECT `detail` FROM `hm_goods_detail` WHERE ( gid=186 )  [ RunTime:0.0870s ]
SQL: SELECT `detail` FROM `hm_goods_detail` WHERE ( gid=185 )  [ RunTime:0.0810s ]
SQL: SELECT `detail` FROM `hm_goods_detail` WHERE ( gid=184 )  [ RunTime:0.0970s ]
SQL: SELECT `detail` FROM `hm_goods_detail` WHERE ( gid=183 )  [ RunTime:0.1110s ]
SQL: SELECT `detail` FROM `hm_goods_detail` WHERE ( gid=182 )  [ RunTime:0.1030s ]
SQL: SELECT `detail` FROM `hm_goods_detail` WHERE ( gid=179 )  [ RunTime:0.0840s ]
SQL: SHOW COLUMNS FROM `hm_type` [ RunTime:0.0830s ]
SQL: SELECT `id`,`name` FROM `hm_type`  [ RunTime:0.0940s ]
INFO: [ view_parse ] --START--
INFO: [ template_filter ] --START--
INFO: Run Behavior\ContentReplaceBehavior [ RunTime:0.001000s ]
INFO: [ template_filter ] --END-- [ RunTime:0.001000s ]
INFO: Run Behavior\ParseTemplateBehavior [ RunTime:0.008000s ]
INFO: [ view_parse ] --END-- [ RunTime:0.008000s ]
INFO: [ view_filter ] --START--
INFO: Run Behavior\WriteHtmlCacheBehavior [ RunTime:0.001000s ]
INFO: [ view_filter ] --END-- [ RunTime:0.001000s ]
INFO: [ app_end ] --START--
INFO: Run Behavior\ShowPageTraceBehavior [ RunTime:0.001000s ]
INFO: [ app_end ] --END-- [ RunTime:0.001000s ]

[ 2017-04-18T19:42:41+08:00 ] ::1 /last/LastMission/project/index.php/HMadmin/Type/index
INFO: [ app_init ] --START--
INFO: Run Behavior\BuildLiteBehavior [ RunTime:0.000000s ]
INFO: [ app_init ] --END-- [ RunTime:0.001000s ]
INFO: [ app_begin ] --START--
INFO: Run Behavior\ReadHtmlCacheBehavior [ RunTime:0.001000s ]
INFO: [ app_begin ] --END-- [ RunTime:0.001000s ]
SQL: SHOW COLUMNS FROM `hm_auth_group_access` [ RunTime:0.1030s ]
SQL: SELECT `uid`,`group_id`,`title`,`rules` FROM hm_auth_group_access a INNER JOIN hm_auth_group g on a.group_id=g.id  WHERE ( a.uid='19' and g.status='1' )  [ RunTime:0.0920s ]
SQL: SHOW COLUMNS FROM `hm_auth_rule` [ RunTime:0.1210s ]
SQL: SELECT `situation`,`name` FROM `hm_auth_rule` WHERE `id` IN ('6','8','9','10','12','13','14','15','17','18','19','20','21','22','23','24','25','26','27','28','29','30','31','33','34','35','36','37','38','39','40','41') AND `status` = 1  [ RunTime:0.1150s ]
SQL: SHOW COLUMNS FROM `hm_type` [ RunTime:0.1420s ]
SQL: SELECT * FROM `hm_type` ORDER BY concat(path, id)  [ RunTime:0.1150s ]
INFO: [ view_parse ] --START--
INFO: [ template_filter ] --START--
INFO: Run Behavior\ContentReplaceBehavior [ RunTime:0.001000s ]
INFO: [ template_filter ] --END-- [ RunTime:0.001000s ]
NOTIC: [8] Use of undefined constant id - assumed 'id' D:\wamp64\www\last\LastMission\project\Application\Runtime\Cache\HMadmin\e812c847020e83129ace4f75718f4aa5.php 第 253 行.
NOTIC: [8] Use of undefined constant id - assumed 'id' D:\wamp64\www\last\LastMission\project\Application\Runtime\Cache\HMadmin\e812c847020e83129ace4f75718f4aa5.php 第 253 行.
NOTIC: [8] Use of undefined constant id - assumed 'id' D:\wamp64\www\last\LastMission\project\Application\Runtime\Cache\HMadmin\e812c847020e83129ace4f75718f4aa5.php 第 253 行.
NOTIC: [8] Use of undefined constant id - assumed 'id' D:\wamp64\www\last\LastMission\project\Application\Runtime\Cache\HMadmin\e812c847020e83129ace4f75718f4aa5.php 第 253 行.
NOTIC: [8] Use of undefined constant id - assumed 'id' D:\wamp64\www\last\LastMission\project\Application\Runtime\Cache\HMadmin\e812c847020e83129ace4f75718f4aa5.php 第 253 行.
NOTIC: [8] Use of undefined constant id - assumed 'id' D:\wamp64\www\last\LastMission\project\Application\Runtime\Cache\HMadmin\e812c847020e83129ace4f75718f4aa5.php 第 253 行.
NOTIC: [8] Use of undefined constant id - assumed 'id' D:\wamp64\www\last\LastMission\project\Application\Runtime\Cache\HMadmin\e812c847020e83129ace4f75718f4aa5.php 第 253 行.
NOTIC: [8] Use of undefined constant id - assumed 'id' D:\wamp64\www\last\LastMission\project\Application\Runtime\Cache\HMadmin\e812c847020e83129ace4f75718f4aa5.php 第 253 行.
NOTIC: [8] Use of undefined constant id - assumed 'id' D:\wamp64\www\last\LastMission\project\Application\Runtime\Cache\HMadmin\e812c847020e83129ace4f75718f4aa5.php 第 253 行.
NOTIC: [8] Use of undefined constant id - assumed 'id' D:\wamp64\www\last\LastMission\project\Application\Runtime\Cache\HMadmin\e812c847020e83129ace4f75718f4aa5.php 第 253 行.
NOTIC: [8] Use of undefined constant id - assumed 'id' D:\wamp64\www\last\LastMission\project\Application\Runtime\Cache\HMadmin\e812c847020e83129ace4f75718f4aa5.php 第 253 行.
NOTIC: [8] Use of undefined constant id - assumed 'id' D:\wamp64\www\last\LastMission\project\Application\Runtime\Cache\HMadmin\e812c847020e83129ace4f75718f4aa5.php 第 253 行.
NOTIC: [8] Use of undefined constant id - assumed 'id' D:\wamp64\www\last\LastMission\project\Application\Runtime\Cache\HMadmin\e812c847020e83129ace4f75718f4aa5.php 第 253 行.
NOTIC: [8] Use of undefined constant id - assumed 'id' D:\wamp64\www\last\LastMission\project\Application\Runtime\Cache\HMadmin\e812c847020e83129ace4f75718f4aa5.php 第 253 行.
NOTIC: [8] Use of undefined constant id - assumed 'id' D:\wamp64\www\last\LastMission\project\Application\Runtime\Cache\HMadmin\e812c847020e83129ace4f75718f4aa5.php 第 253 行.
NOTIC: [8] Use of undefined constant id - assumed 'id' D:\wamp64\www\last\LastMission\project\Application\Runtime\Cache\HMadmin\e812c847020e83129ace4f75718f4aa5.php 第 253 行.
NOTIC: [8] Use of undefined constant id - assumed 'id' D:\wamp64\www\last\LastMission\project\Application\Runtime\Cache\HMadmin\e812c847020e83129ace4f75718f4aa5.php 第 253 行.
NOTIC: [8] Use of undefined constant id - assumed 'id' D:\wamp64\www\last\LastMission\project\Application\Runtime\Cache\HMadmin\e812c847020e83129ace4f75718f4aa5.php 第 253 行.
NOTIC: [8] Use of undefined constant id - assumed 'id' D:\wamp64\www\last\LastMission\project\Application\Runtime\Cache\HMadmin\e812c847020e83129ace4f75718f4aa5.php 第 253 行.
NOTIC: [8] Use of undefined constant id - assumed 'id' D:\wamp64\www\last\LastMission\project\Application\Runtime\Cache\HMadmin\e812c847020e83129ace4f75718f4aa5.php 第 253 行.
NOTIC: [8] Use of undefined constant id - assumed 'id' D:\wamp64\www\last\LastMission\project\Application\Runtime\Cache\HMadmin\e812c847020e83129ace4f75718f4aa5.php 第 253 行.
NOTIC: [8] Use of undefined constant id - assumed 'id' D:\wamp64\www\last\LastMission\project\Application\Runtime\Cache\HMadmin\e812c847020e83129ace4f75718f4aa5.php 第 253 行.
NOTIC: [8] Use of undefined constant id - assumed 'id' D:\wamp64\www\last\LastMission\project\Application\Runtime\Cache\HMadmin\e812c847020e83129ace4f75718f4aa5.php 第 253 行.
NOTIC: [8] Use of undefined constant id - assumed 'id' D:\wamp64\www\last\LastMission\project\Application\Runtime\Cache\HMadmin\e812c847020e83129ace4f75718f4aa5.php 第 253 行.
NOTIC: [8] Use of undefined constant id - assumed 'id' D:\wamp64\www\last\LastMission\project\Application\Runtime\Cache\HMadmin\e812c847020e83129ace4f75718f4aa5.php 第 253 行.
NOTIC: [8] Use of undefined constant id - assumed 'id' D:\wamp64\www\last\LastMission\project\Application\Runtime\Cache\HMadmin\e812c847020e83129ace4f75718f4aa5.php 第 253 行.
NOTIC: [8] Use of undefined constant id - assumed 'id' D:\wamp64\www\last\LastMission\project\Application\Runtime\Cache\HMadmin\e812c847020e83129ace4f75718f4aa5.php 第 253 行.
NOTIC: [8] Use of undefined constant id - assumed 'id' D:\wamp64\www\last\LastMission\project\Application\Runtime\Cache\HMadmin\e812c847020e83129ace4f75718f4aa5.php 第 253 行.
NOTIC: [8] Use of undefined constant id - assumed 'id' D:\wamp64\www\last\LastMission\project\Application\Runtime\Cache\HMadmin\e812c847020e83129ace4f75718f4aa5.php 第 253 行.
NOTIC: [8] Use of undefined constant id - assumed 'id' D:\wamp64\www\last\LastMission\project\Application\Runtime\Cache\HMadmin\e812c847020e83129ace4f75718f4aa5.php 第 253 行.
NOTIC: [8] Use of undefined constant id - assumed 'id' D:\wamp64\www\last\LastMission\project\Application\Runtime\Cache\HMadmin\e812c847020e83129ace4f75718f4aa5.php 第 253 行.
NOTIC: [8] Use of undefined constant id - assumed 'id' D:\wamp64\www\last\LastMission\project\Application\Runtime\Cache\HMadmin\e812c847020e83129ace4f75718f4aa5.php 第 253 行.
NOTIC: [8] Use of undefined constant id - assumed 'id' D:\wamp64\www\last\LastMission\project\Application\Runtime\Cache\HMadmin\e812c847020e83129ace4f75718f4aa5.php 第 253 行.
NOTIC: [8] Use of undefined constant id - assumed 'id' D:\wamp64\www\last\LastMission\project\Application\Runtime\Cache\HMadmin\e812c847020e83129ace4f75718f4aa5.php 第 253 行.
NOTIC: [8] Use of undefined constant id - assumed 'id' D:\wamp64\www\last\LastMission\project\Application\Runtime\Cache\HMadmin\e812c847020e83129ace4f75718f4aa5.php 第 253 行.
NOTIC: [8] Use of undefined constant id - assumed 'id' D:\wamp64\www\last\LastMission\project\Application\Runtime\Cache\HMadmin\e812c847020e83129ace4f75718f4aa5.php 第 253 行.
NOTIC: [8] Use of undefined constant id - assumed 'id' D:\wamp64\www\last\LastMission\project\Application\Runtime\Cache\HMadmin\e812c847020e83129ace4f75718f4aa5.php 第 253 行.
NOTIC: [8] Use of undefined constant id - assumed 'id' D:\wamp64\www\last\LastMission\project\Application\Runtime\Cache\HMadmin\e812c847020e83129ace4f75718f4aa5.php 第 253 行.
NOTIC: [8] Use of undefined constant id - assumed 'id' D:\wamp64\www\last\LastMission\project\Application\Runtime\Cache\HMadmin\e812c847020e83129ace4f75718f4aa5.php 第 253 行.
NOTIC: [8] Use of undefined constant id - assumed 'id' D:\wamp64\www\last\LastMission\project\Application\Runtime\Cache\HMadmin\e812c847020e83129ace4f75718f4aa5.php 第 253 行.
NOTIC: [8] Use of undefined constant id - assumed 'id' D:\wamp64\www\last\LastMission\project\Application\Runtime\Cache\HMadmin\e812c847020e83129ace4f75718f4aa5.php 第 253 行.
NOTIC: [8] Use of undefined constant id - assumed 'id' D:\wamp64\www\last\LastMission\project\Application\Runtime\Cache\HMadmin\e812c847020e83129ace4f75718f4aa5.php 第 253 行.
NOTIC: [8] Use of undefined constant id - assumed 'id' D:\wamp64\www\last\LastMission\project\Application\Runtime\Cache\HMadmin\e812c847020e83129ace4f75718f4aa5.php 第 253 行.
NOTIC: [8] Use of undefined constant id - assumed 'id' D:\wamp64\www\last\LastMission\project\Application\Runtime\Cache\HMadmin\e812c847020e83129ace4f75718f4aa5.php 第 253 行.
NOTIC: [8] Use of undefined constant id - assumed 'id' D:\wamp64\www\last\LastMission\project\Application\Runtime\Cache\HMadmin\e812c847020e83129ace4f75718f4aa5.php 第 253 行.
NOTIC: [8] Use of undefined constant id - assumed 'id' D:\wamp64\www\last\LastMission\project\Application\Runtime\Cache\HMadmin\e812c847020e83129ace4f75718f4aa5.php 第 253 行.
NOTIC: [8] Use of undefined constant id - assumed 'id' D:\wamp64\www\last\LastMission\project\Application\Runtime\Cache\HMadmin\e812c847020e83129ace4f75718f4aa5.php 第 253 行.
NOTIC: [8] Use of undefined constant id - assumed 'id' D:\wamp64\www\last\LastMission\project\Application\Runtime\Cache\HMadmin\e812c847020e83129ace4f75718f4aa5.php 第 253 行.
NOTIC: [8] Use of undefined constant id - assumed 'id' D:\wamp64\www\last\LastMission\project\Application\Runtime\Cache\HMadmin\e812c847020e83129ace4f75718f4aa5.php 第 253 行.
NOTIC: [8] Use of undefined constant id - assumed 'id' D:\wamp64\www\last\LastMission\project\Application\Runtime\Cache\HMadmin\e812c847020e83129ace4f75718f4aa5.php 第 253 行.
NOTIC: [8] Use of undefined constant id - assumed 'id' D:\wamp64\www\last\LastMission\project\Application\Runtime\Cache\HMadmin\e812c847020e83129ace4f75718f4aa5.php 第 253 行.
NOTIC: [8] Use of undefined constant id - assumed 'id' D:\wamp64\www\last\LastMission\project\Application\Runtime\Cache\HMadmin\e812c847020e83129ace4f75718f4aa5.php 第 253 行.
NOTIC: [8] Use of undefined constant id - assumed 'id' D:\wamp64\www\last\LastMission\project\Application\Runtime\Cache\HMadmin\e812c847020e83129ace4f75718f4aa5.php 第 253 行.
NOTIC: [8] Use of undefined constant id - assumed 'id' D:\wamp64\www\last\LastMission\project\Application\Runtime\Cache\HMadmin\e812c847020e83129ace4f75718f4aa5.php 第 253 行.
NOTIC: [8] Use of undefined constant id - assumed 'id' D:\wamp64\www\last\LastMission\project\Application\Runtime\Cache\HMadmin\e812c847020e83129ace4f75718f4aa5.php 第 253 行.
NOTIC: [8] Use of undefined constant id - assumed 'id' D:\wamp64\www\last\LastMission\project\Application\Runtime\Cache\HMadmin\e812c847020e83129ace4f75718f4aa5.php 第 253 行.
NOTIC: [8] Use of undefined constant id - assumed 'id' D:\wamp64\www\last\LastMission\project\Application\Runtime\Cache\HMadmin\e812c847020e83129ace4f75718f4aa5.php 第 253 行.
NOTIC: [8] Use of undefined constant id - assumed 'id' D:\wamp64\www\last\LastMission\project\Application\Runtime\Cache\HMadmin\e812c847020e83129ace4f75718f4aa5.php 第 253 行.
NOTIC: [8] Use of undefined constant id - assumed 'id' D:\wamp64\www\last\LastMission\project\Application\Runtime\Cache\HMadmin\e812c847020e83129ace4f75718f4aa5.php 第 253 行.
NOTIC: [8] Use of undefined constant id - assumed 'id' D:\wamp64\www\last\LastMission\project\Application\Runtime\Cache\HMadmin\e812c847020e83129ace4f75718f4aa5.php 第 253 行.
NOTIC: [8] Use of undefined constant id - assumed 'id' D:\wamp64\www\last\LastMission\project\Application\Runtime\Cache\HMadmin\e812c847020e83129ace4f75718f4aa5.php 第 253 行.
NOTIC: [8] Use of undefined constant id - assumed 'id' D:\wamp64\www\last\LastMission\project\Application\Runtime\Cache\HMadmin\e812c847020e83129ace4f75718f4aa5.php 第 253 行.
NOTIC: [8] Use of undefined constant id - assumed 'id' D:\wamp64\www\last\LastMission\project\Application\Runtime\Cache\HMadmin\e812c847020e83129ace4f75718f4aa5.php 第 253 行.
NOTIC: [8] Use of undefined constant id - assumed 'id' D:\wamp64\www\last\LastMission\project\Application\Runtime\Cache\HMadmin\e812c847020e83129ace4f75718f4aa5.php 第 253 行.
NOTIC: [8] Use of undefined constant id - assumed 'id' D:\wamp64\www\last\LastMission\project\Application\Runtime\Cache\HMadmin\e812c847020e83129ace4f75718f4aa5.php 第 253 行.
NOTIC: [8] Use of undefined constant id - assumed 'id' D:\wamp64\www\last\LastMission\project\Application\Runtime\Cache\HMadmin\e812c847020e83129ace4f75718f4aa5.php 第 253 行.
NOTIC: [8] Use of undefined constant id - assumed 'id' D:\wamp64\www\last\LastMission\project\Application\Runtime\Cache\HMadmin\e812c847020e83129ace4f75718f4aa5.php 第 253 行.
NOTIC: [8] Use of undefined constant id - assumed 'id' D:\wamp64\www\last\LastMission\project\Application\Runtime\Cache\HMadmin\e812c847020e83129ace4f75718f4aa5.php 第 253 行.
NOTIC: [8] Use of undefined constant id - assumed 'id' D:\wamp64\www\last\LastMission\project\Application\Runtime\Cache\HMadmin\e812c847020e83129ace4f75718f4aa5.php 第 253 行.
NOTIC: [8] Use of undefined constant id - assumed 'id' D:\wamp64\www\last\LastMission\project\Application\Runtime\Cache\HMadmin\e812c847020e83129ace4f75718f4aa5.php 第 253 行.
NOTIC: [8] Use of undefined constant id - assumed 'id' D:\wamp64\www\last\LastMission\project\Application\Runtime\Cache\HMadmin\e812c847020e83129ace4f75718f4aa5.php 第 253 行.
INFO: Run Behavior\ParseTemplateBehavior [ RunTime:0.052003s ]
INFO: [ view_parse ] --END-- [ RunTime:0.052003s ]
INFO: [ view_filter ] --START--
INFO: Run Behavior\WriteHtmlCacheBehavior [ RunTime:0.001000s ]
INFO: [ view_filter ] --END-- [ RunTime:0.001000s ]
INFO: [ app_end ] --START--
INFO: Run Behavior\ShowPageTraceBehavior [ RunTime:0.001000s ]
INFO: [ app_end ] --END-- [ RunTime:0.001000s ]

