[ 2017-04-18T10:50:29+08:00 ] ::1 /last/LastMission/project/
INFO: [ app_init ] --START--
INFO: Run Behavior\BuildLiteBehavior [ RunTime:0.000000s ]
INFO: [ app_init ] --END-- [ RunTime:0.002000s ]
INFO: [ app_begin ] --START--
INFO: Run Behavior\ReadHtmlCacheBehavior [ RunTime:0.002000s ]
INFO: [ app_begin ] --END-- [ RunTime:0.002000s ]
SQL: SHOW COLUMNS FROM `hm_goods` [ RunTime:0.0110s ]
SQL: SHOW COLUMNS FROM `hm_type` [ RunTime:0.0090s ]
SQL: SELECT `id`,`name` FROM `hm_type` WHERE ( pid=0 )  [ RunTime:0.0090s ]
SQL: SHOW COLUMNS FROM `hm_cart` [ RunTime:0.0100s ]
INFO: [ view_parse ] --START--
INFO: [ template_filter ] --START--
INFO: Run Behavior\ContentReplaceBehavior [ RunTime:0.001001s ]
INFO: [ template_filter ] --END-- [ RunTime:0.002001s ]
INFO: Run Behavior\ParseTemplateBehavior [ RunTime:0.038002s ]
INFO: [ view_parse ] --END-- [ RunTime:0.039003s ]
INFO: [ view_filter ] --START--
INFO: Run Behavior\WriteHtmlCacheBehavior [ RunTime:0.001000s ]
INFO: [ view_filter ] --END-- [ RunTime:0.001000s ]
INFO: [ app_end ] --START--
INFO: Run Behavior\ShowPageTraceBehavior [ RunTime:0.001000s ]
INFO: [ app_end ] --END-- [ RunTime:0.001000s ]

[ 2017-04-18T10:50:33+08:00 ] ::1 /last/LastMission/project/index.php/Home/Index/searchGoods?keyword=
INFO: [ app_init ] --START--
INFO: Run Behavior\BuildLiteBehavior [ RunTime:0.000000s ]
INFO: [ app_init ] --END-- [ RunTime:0.001000s ]
INFO: [ app_begin ] --START--
INFO: Run Behavior\ReadHtmlCacheBehavior [ RunTime:0.001000s ]
INFO: [ app_begin ] --END-- [ RunTime:0.002000s ]
SQL: SHOW COLUMNS FROM `hm_goods` [ RunTime:0.0100s ]
SQL: SHOW COLUMNS FROM `hm_type` [ RunTime:0.0100s ]
SQL: SELECT `id`,`name` FROM `hm_type` WHERE ( pid=0 )  [ RunTime:0.0090s ]
SQL: SHOW COLUMNS FROM `hm_attr` [ RunTime:0.0150s ]
SQL: SELECT `attrName` FROM `hm_attr` WHERE ( attrType=1 )  [ RunTime:0.0090s ]
SQL: SELECT `attrName` FROM `hm_attr` WHERE ( attrType=2 )  [ RunTime:0.0080s ]
INFO: [ view_parse ] --START--
INFO: [ template_filter ] --START--
INFO: Run Behavior\ContentReplaceBehavior [ RunTime:0.001000s ]
INFO: [ template_filter ] --END-- [ RunTime:0.001000s ]
INFO: Run Behavior\ParseTemplateBehavior [ RunTime:0.043002s ]
INFO: [ view_parse ] --END-- [ RunTime:0.043002s ]
INFO: [ view_filter ] --START--
INFO: Run Behavior\WriteHtmlCacheBehavior [ RunTime:0.001000s ]
INFO: [ view_filter ] --END-- [ RunTime:0.001000s ]
INFO: [ app_end ] --START--
INFO: Run Behavior\ShowPageTraceBehavior [ RunTime:0.001000s ]
INFO: [ app_end ] --END-- [ RunTime:0.001000s ]

[ 2017-04-18T10:50:33+08:00 ] ::1 /last/LastMission/project/index.php/Home/Index/ajaxGetGoodsPic/id/187
INFO: [ app_init ] --START--
INFO: Run Behavior\BuildLiteBehavior [ RunTime:0.000000s ]
INFO: [ app_init ] --END-- [ RunTime:0.000000s ]
INFO: [ app_begin ] --START--
INFO: Run Behavior\ReadHtmlCacheBehavior [ RunTime:0.001000s ]
INFO: [ app_begin ] --END-- [ RunTime:0.001000s ]
SQL: SHOW COLUMNS FROM `hm_goods_pic` [ RunTime:0.0090s ]
SQL: SELECT `pic` FROM `hm_goods_pic` WHERE ( gid=187 ) LIMIT 1   [ RunTime:0.0110s ]
INFO: [ app_end ] --START--
INFO: Run Behavior\ShowPageTraceBehavior [ RunTime:0.001000s ]
INFO: [ app_end ] --END-- [ RunTime:0.001000s ]

[ 2017-04-18T10:50:34+08:00 ] ::1 /last/LastMission/project/index.php/Home/Index/ajaxGetGoodsPic/id/182
INFO: [ app_init ] --START--
INFO: Run Behavior\BuildLiteBehavior [ RunTime:0.000000s ]
INFO: [ app_init ] --END-- [ RunTime:0.000000s ]
INFO: [ app_begin ] --START--
INFO: Run Behavior\ReadHtmlCacheBehavior [ RunTime:0.000000s ]
INFO: [ app_begin ] --END-- [ RunTime:0.000000s ]
SQL: SHOW COLUMNS FROM `hm_goods_pic` [ RunTime:0.0110s ]
SQL: SELECT `pic` FROM `hm_goods_pic` WHERE ( gid=182 ) LIMIT 1   [ RunTime:0.0080s ]
INFO: [ app_end ] --START--
INFO: Run Behavior\ShowPageTraceBehavior [ RunTime:0.002000s ]
INFO: [ app_end ] --END-- [ RunTime:0.002000s ]

[ 2017-04-18T10:50:34+08:00 ] ::1 /last/LastMission/project/index.php/Home/Index/ajaxGetGoodsPic/id/183
INFO: [ app_init ] --START--
INFO: Run Behavior\BuildLiteBehavior [ RunTime:0.000000s ]
INFO: [ app_init ] --END-- [ RunTime:0.000000s ]
INFO: [ app_begin ] --START--
INFO: Run Behavior\ReadHtmlCacheBehavior [ RunTime:0.000000s ]
INFO: [ app_begin ] --END-- [ RunTime:0.000000s ]
SQL: SHOW COLUMNS FROM `hm_goods_pic` [ RunTime:0.0110s ]
SQL: SELECT `pic` FROM `hm_goods_pic` WHERE ( gid=183 ) LIMIT 1   [ RunTime:0.0090s ]
INFO: [ app_end ] --START--
INFO: Run Behavior\ShowPageTraceBehavior [ RunTime:0.001000s ]
INFO: [ app_end ] --END-- [ RunTime:0.001000s ]

[ 2017-04-18T10:50:34+08:00 ] ::1 /last/LastMission/project/index.php/Home/Index/ajaxGetGoodsPic/id/188
INFO: [ app_init ] --START--
INFO: Run Behavior\BuildLiteBehavior [ RunTime:0.000000s ]
INFO: [ app_init ] --END-- [ RunTime:0.000000s ]
INFO: [ app_begin ] --START--
INFO: Run Behavior\ReadHtmlCacheBehavior [ RunTime:0.001000s ]
INFO: [ app_begin ] --END-- [ RunTime:0.001000s ]
SQL: SHOW COLUMNS FROM `hm_goods_pic` [ RunTime:0.0090s ]
SQL: SELECT `pic` FROM `hm_goods_pic` WHERE ( gid=188 ) LIMIT 1   [ RunTime:0.0070s ]
INFO: [ app_end ] --START--
INFO: Run Behavior\ShowPageTraceBehavior [ RunTime:0.000000s ]
INFO: [ app_end ] --END-- [ RunTime:0.000000s ]

[ 2017-04-18T10:50:34+08:00 ] ::1 /last/LastMission/project/index.php/Home/Index/ajaxGetGoodsPic/id/186
INFO: [ app_init ] --START--
INFO: Run Behavior\BuildLiteBehavior [ RunTime:0.000000s ]
INFO: [ app_init ] --END-- [ RunTime:0.001000s ]
INFO: [ app_begin ] --START--
INFO: Run Behavior\ReadHtmlCacheBehavior [ RunTime:0.000000s ]
INFO: [ app_begin ] --END-- [ RunTime:0.001000s ]
SQL: SHOW COLUMNS FROM `hm_goods_pic` [ RunTime:0.0538s ]
SQL: SELECT `pic` FROM `hm_goods_pic` WHERE ( gid=186 ) LIMIT 1   [ RunTime:0.0206s ]
INFO: [ app_end ] --START--
INFO: Run Behavior\ShowPageTraceBehavior [ RunTime:0.000000s ]
INFO: [ app_end ] --END-- [ RunTime:0.000000s ]

[ 2017-04-18T10:50:34+08:00 ] ::1 /last/LastMission/project/index.php/Home/Index/ajaxGetGoodsPic/id/185
INFO: [ app_init ] --START--
INFO: Run Behavior\BuildLiteBehavior [ RunTime:0.000000s ]
INFO: [ app_init ] --END-- [ RunTime:0.001000s ]
INFO: [ app_begin ] --START--
INFO: Run Behavior\ReadHtmlCacheBehavior [ RunTime:0.001001s ]
INFO: [ app_begin ] --END-- [ RunTime:0.001001s ]
SQL: SHOW COLUMNS FROM `hm_goods_pic` [ RunTime:0.0120s ]
SQL: SELECT `pic` FROM `hm_goods_pic` WHERE ( gid=185 ) LIMIT 1   [ RunTime:0.0090s ]
INFO: [ app_end ] --START--
INFO: Run Behavior\ShowPageTraceBehavior [ RunTime:0.001000s ]
INFO: [ app_end ] --END-- [ RunTime:0.001000s ]

[ 2017-04-18T11:05:44+08:00 ] ::1 /last/LastMission/project/index.php/Home/Index/goodsList/tid/49/pid/19
INFO: [ app_init ] --START--
INFO: Run Behavior\BuildLiteBehavior [ RunTime:0.000000s ]
INFO: [ app_init ] --END-- [ RunTime:0.001000s ]
INFO: [ app_begin ] --START--
INFO: Run Behavior\ReadHtmlCacheBehavior [ RunTime:0.000000s ]
INFO: [ app_begin ] --END-- [ RunTime:0.001000s ]
SQL: SHOW COLUMNS FROM `hm_goods` [ RunTime:0.1580s ]
SQL: SHOW COLUMNS FROM `hm_type` [ RunTime:0.1550s ]
SQL: SELECT `id`,`name` FROM `hm_type` WHERE ( pid=0 )  [ RunTime:0.1510s ]
SQL: SELECT * FROM `hm_type` WHERE ( pid=19 )  [ RunTime:0.6740s ]
SQL: SHOW COLUMNS FROM `hm_goods` [ RunTime:1.1581s ]
SQL: SELECT `id`,`name`,`price` FROM `hm_goods` WHERE ( tid=49 )  [ RunTime:0.1460s ]
SQL: SHOW COLUMNS FROM `hm_attr` [ RunTime:0.1690s ]
SQL: SELECT `attrName` FROM `hm_attr` WHERE ( attrType=1 )  [ RunTime:6.7854s ]

[ 2017-04-18T11:05:44+08:00 ] ::1 /last/LastMission/project/index.php/Home/Index/goodsList/tid/25/pid/16
INFO: [ app_init ] --START--
INFO: Run Behavior\BuildLiteBehavior [ RunTime:0.000000s ]
INFO: [ app_init ] --END-- [ RunTime:0.001000s ]
INFO: [ app_begin ] --START--
INFO: Run Behavior\ReadHtmlCacheBehavior [ RunTime:0.000000s ]
INFO: [ app_begin ] --END-- [ RunTime:0.000000s ]

[ 2017-04-18T11:05:44+08:00 ] ::1 /last/LastMission/project/
INFO: [ app_init ] --START--
INFO: Run Behavior\BuildLiteBehavior [ RunTime:0.000000s ]
INFO: [ app_init ] --END-- [ RunTime:0.001000s ]
INFO: [ app_begin ] --START--
INFO: Run Behavior\ReadHtmlCacheBehavior [ RunTime:0.000000s ]
INFO: [ app_begin ] --END-- [ RunTime:0.000000s ]

[ 2017-04-18T11:05:44+08:00 ] ::1 /last/LastMission/project/
INFO: [ app_init ] --START--
INFO: Run Behavior\BuildLiteBehavior [ RunTime:0.000000s ]
INFO: [ app_init ] --END-- [ RunTime:0.001000s ]
INFO: [ app_begin ] --START--
INFO: Run Behavior\ReadHtmlCacheBehavior [ RunTime:0.001000s ]
INFO: [ app_begin ] --END-- [ RunTime:0.001000s ]

[ 2017-04-18T11:05:44+08:00 ] ::1 /last/LastMission/project/
INFO: [ app_init ] --START--
INFO: Run Behavior\BuildLiteBehavior [ RunTime:0.000000s ]
INFO: [ app_init ] --END-- [ RunTime:0.001000s ]
INFO: [ app_begin ] --START--
INFO: Run Behavior\ReadHtmlCacheBehavior [ RunTime:0.001000s ]
INFO: [ app_begin ] --END-- [ RunTime:0.001000s ]

[ 2017-04-18T17:09:22+08:00 ] ::1 /last/LastMission/project/
INFO: [ app_init ] --START--
INFO: Run Behavior\BuildLiteBehavior [ RunTime:0.000000s ]
INFO: [ app_init ] --END-- [ RunTime:0.001000s ]
INFO: [ app_begin ] --START--
INFO: Run Behavior\ReadHtmlCacheBehavior [ RunTime:0.001000s ]
INFO: [ app_begin ] --END-- [ RunTime:0.001000s ]
SQL: SHOW COLUMNS FROM `hm_goods` [ RunTime:0.0090s ]
SQL: SHOW COLUMNS FROM `hm_type` [ RunTime:0.0100s ]
SQL: SELECT `id`,`name` FROM `hm_type` WHERE ( pid=0 )  [ RunTime:0.0090s ]
SQL: SHOW COLUMNS FROM `hm_cart` [ RunTime:0.0090s ]
INFO: [ view_parse ] --START--
INFO: [ template_filter ] --START--
INFO: Run Behavior\ContentReplaceBehavior [ RunTime:0.000000s ]
INFO: [ template_filter ] --END-- [ RunTime:0.001000s ]
INFO: Run Behavior\ParseTemplateBehavior [ RunTime:0.051003s ]
INFO: [ view_parse ] --END-- [ RunTime:0.051003s ]
INFO: [ view_filter ] --START--
INFO: Run Behavior\WriteHtmlCacheBehavior [ RunTime:0.001000s ]
INFO: [ view_filter ] --END-- [ RunTime:0.001000s ]
INFO: [ app_end ] --START--
INFO: Run Behavior\ShowPageTraceBehavior [ RunTime:0.001000s ]
INFO: [ app_end ] --END-- [ RunTime:0.001000s ]

[ 2017-04-18T17:09:24+08:00 ] ::1 /last/LastMission/project/index.php/Home/Index/base
INFO: [ app_init ] --START--
INFO: Run Behavior\BuildLiteBehavior [ RunTime:0.000000s ]
INFO: [ app_init ] --END-- [ RunTime:0.000000s ]
INFO: [ app_begin ] --START--
INFO: Run Behavior\ReadHtmlCacheBehavior [ RunTime:0.001000s ]
INFO: [ app_begin ] --END-- [ RunTime:0.001000s ]
SQL: SHOW COLUMNS FROM `hm_goods` [ RunTime:0.0000s ]
SQL: SHOW COLUMNS FROM `hm_type` [ RunTime:0.0156s ]
SQL: SELECT * FROM `hm_type` WHERE ( pid=16 )  [ RunTime:0.0156s ]
INFO: [ app_end ] --START--
INFO: Run Behavior\ShowPageTraceBehavior [ RunTime:0.000000s ]
INFO: [ app_end ] --END-- [ RunTime:0.000000s ]

[ 2017-04-18T17:09:27+08:00 ] ::1 /last/LastMission/project/index.php/Home/Index/goodsList/tid/25/pid/16
INFO: [ app_init ] --START--
INFO: Run Behavior\BuildLiteBehavior [ RunTime:0.000000s ]
INFO: [ app_init ] --END-- [ RunTime:0.000000s ]
INFO: [ app_begin ] --START--
INFO: Run Behavior\ReadHtmlCacheBehavior [ RunTime:0.001000s ]
INFO: [ app_begin ] --END-- [ RunTime:0.001000s ]
SQL: SHOW COLUMNS FROM `hm_goods` [ RunTime:0.0090s ]
SQL: SHOW COLUMNS FROM `hm_type` [ RunTime:0.0080s ]
SQL: SELECT `id`,`name` FROM `hm_type` WHERE ( pid=0 )  [ RunTime:0.0080s ]
SQL: SELECT * FROM `hm_type` WHERE ( pid=16 )  [ RunTime:0.0170s ]
SQL: SHOW COLUMNS FROM `hm_goods` [ RunTime:0.0170s ]
SQL: SELECT `id`,`name`,`price` FROM `hm_goods` WHERE ( tid=25 )  [ RunTime:0.0080s ]
SQL: SHOW COLUMNS FROM `hm_goods_pic` [ RunTime:0.0160s ]
SQL: SELECT `pic` FROM `hm_goods_pic` WHERE ( gid=179 )  [ RunTime:0.0150s ]
SQL: SHOW COLUMNS FROM `hm_stock` [ RunTime:0.0090s ]
SQL: SELECT `aid` FROM `hm_stock` WHERE ( gid=179 )  [ RunTime:0.0090s ]
SQL: SELECT `pic` FROM `hm_goods_pic` WHERE ( gid=182 )  [ RunTime:0.0090s ]
SQL: SELECT `aid` FROM `hm_stock` WHERE ( gid=182 )  [ RunTime:0.0080s ]
SQL: SHOW COLUMNS FROM `hm_attr` [ RunTime:0.0110s ]
SQL: SELECT `attrName` FROM `hm_attr` WHERE `id` = 1  [ RunTime:0.0080s ]
SQL: SELECT * FROM `hm_attr`  [ RunTime:0.0080s ]
SQL: SELECT `attrName` FROM `hm_attr` WHERE `id` = 2  [ RunTime:0.0090s ]
SQL: SELECT `pic` FROM `hm_goods_pic` WHERE ( gid=183 )  [ RunTime:0.0080s ]
SQL: SELECT `aid` FROM `hm_stock` WHERE ( gid=183 )  [ RunTime:0.0090s ]
SQL: SELECT `attrName` FROM `hm_attr` WHERE `id` = 1  [ RunTime:0.0090s ]
SQL: SELECT `pic` FROM `hm_goods_pic` WHERE ( gid=184 )  [ RunTime:0.0090s ]
SQL: SELECT `aid` FROM `hm_stock` WHERE ( gid=184 )  [ RunTime:0.0090s ]
SQL: SELECT `pic` FROM `hm_goods_pic` WHERE ( gid=185 )  [ RunTime:0.0080s ]
SQL: SELECT `aid` FROM `hm_stock` WHERE ( gid=185 )  [ RunTime:0.0090s ]
SQL: SELECT `attrName` FROM `hm_attr` WHERE `id` = 3  [ RunTime:0.0080s ]
SQL: SELECT `pic` FROM `hm_goods_pic` WHERE ( gid=186 )  [ RunTime:0.0080s ]
SQL: SELECT `aid` FROM `hm_stock` WHERE ( gid=186 )  [ RunTime:0.0090s ]
SQL: SELECT `attrName` FROM `hm_attr` WHERE `id` = 1  [ RunTime:0.0080s ]
SQL: SELECT `pic` FROM `hm_goods_pic` WHERE ( gid=187 )  [ RunTime:0.0080s ]
SQL: SELECT `aid` FROM `hm_stock` WHERE ( gid=187 )  [ RunTime:0.0090s ]
SQL: SELECT `attrName` FROM `hm_attr` WHERE `id` = 1  [ RunTime:0.0090s ]
SQL: SELECT `pic` FROM `hm_goods_pic` WHERE ( gid=188 )  [ RunTime:0.0080s ]
SQL: SELECT `aid` FROM `hm_stock` WHERE ( gid=188 )  [ RunTime:0.0080s ]
SQL: SELECT `attrName` FROM `hm_attr` WHERE `id` = 1  [ RunTime:0.0090s ]
SQL: SELECT `attrName` FROM `hm_attr` WHERE ( attrType=1 )  [ RunTime:0.0090s ]
SQL: SELECT `attrName` FROM `hm_attr` WHERE ( attrType=2 )  [ RunTime:0.0090s ]
INFO: [ view_parse ] --START--
INFO: [ template_filter ] --START--
INFO: Run Behavior\ContentReplaceBehavior [ RunTime:0.001000s ]
INFO: [ template_filter ] --END-- [ RunTime:0.001000s ]
INFO: Run Behavior\ParseTemplateBehavior [ RunTime:0.072004s ]
INFO: [ view_parse ] --END-- [ RunTime:0.073004s ]
INFO: [ view_filter ] --START--
INFO: Run Behavior\WriteHtmlCacheBehavior [ RunTime:0.001000s ]
INFO: [ view_filter ] --END-- [ RunTime:0.001000s ]
INFO: [ app_end ] --START--
INFO: Run Behavior\ShowPageTraceBehavior [ RunTime:0.002000s ]
INFO: [ app_end ] --END-- [ RunTime:0.002000s ]

[ 2017-04-18T19:42:07+08:00 ] ::1 /last/LastMission/project/
INFO: [ app_init ] --START--
INFO: Run Behavior\BuildLiteBehavior [ RunTime:0.000000s ]
INFO: [ app_init ] --END-- [ RunTime:0.001000s ]
INFO: [ app_begin ] --START--
INFO: Run Behavior\ReadHtmlCacheBehavior [ RunTime:0.001000s ]
INFO: [ app_begin ] --END-- [ RunTime:0.001000s ]
SQL: SHOW COLUMNS FROM `hm_goods` [ RunTime:0.0090s ]
SQL: SHOW COLUMNS FROM `hm_type` [ RunTime:0.0140s ]
SQL: SELECT `id`,`name` FROM `hm_type` WHERE ( pid=0 )  [ RunTime:0.0480s ]
SQL: SHOW COLUMNS FROM `hm_cart` [ RunTime:0.0240s ]
INFO: [ view_parse ] --START--
INFO: [ template_filter ] --START--
INFO: Run Behavior\ContentReplaceBehavior [ RunTime:0.000000s ]
INFO: [ template_filter ] --END-- [ RunTime:0.000000s ]
INFO: Run Behavior\ParseTemplateBehavior [ RunTime:0.042003s ]
INFO: [ view_parse ] --END-- [ RunTime:0.042003s ]
INFO: [ view_filter ] --START--
INFO: Run Behavior\WriteHtmlCacheBehavior [ RunTime:0.001000s ]
INFO: [ view_filter ] --END-- [ RunTime:0.001000s ]
INFO: [ app_end ] --START--
INFO: Run Behavior\ShowPageTraceBehavior [ RunTime:0.001000s ]
INFO: [ app_end ] --END-- [ RunTime:0.001000s ]

