[ 2017-04-21T12:00:26+08:00 ] ::1 /last/LastMission/project/
INFO: [ app_init ] --START--
INFO: Run Behavior\BuildLiteBehavior [ RunTime:0.000000s ]
INFO: [ app_init ] --END-- [ RunTime:0.000000s ]
INFO: [ app_begin ] --START--
INFO: Run Behavior\ReadHtmlCacheBehavior [ RunTime:0.015600s ]
INFO: [ app_begin ] --END-- [ RunTime:0.015600s ]
SQL: SHOW COLUMNS FROM `hm_goods` [ RunTime:0.0540s ]
SQL: SHOW COLUMNS FROM `hm_goods` [ RunTime:0.0690s ]
SQL: SELECT `id`,`name`,`price` FROM `hm_goods` ORDER BY addtime desc LIMIT 4   [ RunTime:0.0570s ]
SQL: SHOW COLUMNS FROM `hm_goods_pic` [ RunTime:0.0590s ]
SQL: SELECT `pic` FROM `hm_goods_pic` WHERE ( gid=182 ) LIMIT 1   [ RunTime:0.0400s ]
SQL: SELECT `pic` FROM `hm_goods_pic` WHERE ( gid=183 ) LIMIT 1   [ RunTime:0.0410s ]
SQL: SELECT `pic` FROM `hm_goods_pic` WHERE ( gid=179 ) LIMIT 1   [ RunTime:0.0670s ]
SQL: SELECT `pic` FROM `hm_goods_pic` WHERE ( gid=187 ) LIMIT 1   [ RunTime:0.0400s ]
SQL: SHOW COLUMNS FROM `hm_type` [ RunTime:0.0340s ]
SQL: SELECT `id`,`name` FROM `hm_type` WHERE ( pid=0 )  [ RunTime:0.0300s ]
SQL: SHOW COLUMNS FROM `hm_cart` [ RunTime:0.0850s ]
SQL: SHOW COLUMNS FROM `hm_index_pic` [ RunTime:0.0530s ]
SQL: SHOW COLUMNS FROM `hm_index_pic` [ RunTime:0.0650s ]
SQL: SELECT * FROM `hm_index_pic` WHERE `status` = 1 AND `location` = 1 LIMIT 1   [ RunTime:0.0420s ]
INFO: [ view_parse ] --START--
INFO: [ template_filter ] --START--
INFO: Run Behavior\ContentReplaceBehavior [ RunTime:0.000000s ]
INFO: [ template_filter ] --END-- [ RunTime:0.001001s ]
INFO: Run Behavior\ParseTemplateBehavior [ RunTime:0.036002s ]
INFO: [ view_parse ] --END-- [ RunTime:0.036002s ]
INFO: [ view_filter ] --START--
INFO: Run Behavior\WriteHtmlCacheBehavior [ RunTime:0.001000s ]
INFO: Run Behavior\TokenBuildBehavior [ RunTime:0.002000s ]
INFO: [ view_filter ] --END-- [ RunTime:0.003000s ]
INFO: [ app_end ] --START--
INFO: Run Behavior\ShowPageTraceBehavior [ RunTime:0.001000s ]
INFO: [ app_end ] --END-- [ RunTime:0.001000s ]

[ 2017-04-21T12:00:27+08:00 ] ::1 /last/LastMission/project/index.php/Home/Favorite/checkedFavorite
INFO: [ app_init ] --START--
INFO: Run Behavior\BuildLiteBehavior [ RunTime:0.000000s ]
INFO: [ app_init ] --END-- [ RunTime:0.001000s ]
INFO: [ app_begin ] --START--
INFO: Run Behavior\ReadHtmlCacheBehavior [ RunTime:0.001000s ]
INFO: [ app_begin ] --END-- [ RunTime:0.001000s ]

[ 2017-04-21T12:00:31+08:00 ] ::1 /last/LastMission/project/index.php/Home/cart/index
INFO: [ app_init ] --START--
INFO: Run Behavior\BuildLiteBehavior [ RunTime:0.000000s ]
INFO: [ app_init ] --END-- [ RunTime:0.001000s ]
INFO: [ app_begin ] --START--
INFO: Run Behavior\ReadHtmlCacheBehavior [ RunTime:0.001000s ]
INFO: [ app_begin ] --END-- [ RunTime:0.001000s ]
SQL: SHOW COLUMNS FROM `hm_cart` [ RunTime:0.0370s ]
NOTIC: [8] Undefined index: cart D:\wamp64\www\last\LastMission\project\Application\Home\Model\CartModel.class.php 第 20 行.
INFO: [ view_parse ] --START--
INFO: [ template_filter ] --START--
INFO: Run Behavior\ContentReplaceBehavior [ RunTime:0.000000s ]
INFO: [ template_filter ] --END-- [ RunTime:0.000000s ]
NOTIC: [8] Undefined variable: OneList D:\wamp64\www\last\LastMission\project\Application\Runtime\Cache\Home\74516cab52a834ba8aeb6c42c3f2b08d.php 第 64 行.
NOTIC: [8] Use of undefined constant userInfo - assumed 'userInfo' D:\wamp64\www\last\LastMission\project\Application\Runtime\Cache\Home\74516cab52a834ba8aeb6c42c3f2b08d.php 第 235 行.
NOTIC: [8] Use of undefined constant email - assumed 'email' D:\wamp64\www\last\LastMission\project\Application\Runtime\Cache\Home\74516cab52a834ba8aeb6c42c3f2b08d.php 第 235 行.
NOTIC: [8] Undefined index: userInfo D:\wamp64\www\last\LastMission\project\Application\Runtime\Cache\Home\74516cab52a834ba8aeb6c42c3f2b08d.php 第 235 行.
NOTIC: [8] Undefined index: userInfo D:\wamp64\www\last\LastMission\project\Application\Runtime\Cache\Home\74516cab52a834ba8aeb6c42c3f2b08d.php 第 766 行.
INFO: Run Behavior\ParseTemplateBehavior [ RunTime:0.067003s ]
INFO: [ view_parse ] --END-- [ RunTime:0.067003s ]
INFO: [ view_filter ] --START--
INFO: Run Behavior\WriteHtmlCacheBehavior [ RunTime:0.000000s ]
INFO: Run Behavior\TokenBuildBehavior [ RunTime:0.001001s ]
INFO: [ view_filter ] --END-- [ RunTime:0.001001s ]
INFO: [ app_end ] --START--
INFO: Run Behavior\ShowPageTraceBehavior [ RunTime:0.000000s ]
INFO: [ app_end ] --END-- [ RunTime:0.001000s ]

[ 2017-04-21T12:00:32+08:00 ] ::1 /last/LastMission/project/index.php/Home/Favorite/index
INFO: [ app_init ] --START--
INFO: Run Behavior\BuildLiteBehavior [ RunTime:0.000000s ]
INFO: [ app_init ] --END-- [ RunTime:0.001000s ]
INFO: [ app_begin ] --START--
INFO: Run Behavior\ReadHtmlCacheBehavior [ RunTime:0.001000s ]
INFO: [ app_begin ] --END-- [ RunTime:0.001000s ]

[ 2017-04-21T12:00:32+08:00 ] ::1 /last/LastMission/project/index.php/Home/User/signIn.html
INFO: [ app_init ] --START--
INFO: Run Behavior\BuildLiteBehavior [ RunTime:0.000000s ]
INFO: [ app_init ] --END-- [ RunTime:0.000000s ]
INFO: [ app_begin ] --START--
INFO: Run Behavior\ReadHtmlCacheBehavior [ RunTime:0.000000s ]
INFO: [ app_begin ] --END-- [ RunTime:0.000000s ]
SQL: SHOW COLUMNS FROM `hm_goods` [ RunTime:0.0520s ]
SQL: SHOW COLUMNS FROM `hm_type` [ RunTime:0.0500s ]
SQL: SELECT `id`,`name` FROM `hm_type` WHERE ( pid=0 )  [ RunTime:0.0450s ]
INFO: [ view_parse ] --START--
INFO: [ template_filter ] --START--
INFO: Run Behavior\ContentReplaceBehavior [ RunTime:0.001001s ]
INFO: [ template_filter ] --END-- [ RunTime:0.001001s ]
NOTIC: [8] Undefined variable: data D:\wamp64\www\last\LastMission\project\Application\Runtime\Cache\Home\e22cccb2c99c08a1d79ac17386d52613.php 第 134 行.
NOTIC: [8] Undefined variable: data D:\wamp64\www\last\LastMission\project\Application\Runtime\Cache\Home\e22cccb2c99c08a1d79ac17386d52613.php 第 135 行.
NOTIC: [8] Undefined variable: data D:\wamp64\www\last\LastMission\project\Application\Runtime\Cache\Home\e22cccb2c99c08a1d79ac17386d52613.php 第 145 行.
NOTIC: [8] Undefined variable: data D:\wamp64\www\last\LastMission\project\Application\Runtime\Cache\Home\e22cccb2c99c08a1d79ac17386d52613.php 第 168 行.
NOTIC: [8] Undefined variable: data D:\wamp64\www\last\LastMission\project\Application\Runtime\Cache\Home\e22cccb2c99c08a1d79ac17386d52613.php 第 202 行.
NOTIC: [8] Undefined variable: data D:\wamp64\www\last\LastMission\project\Application\Runtime\Cache\Home\e22cccb2c99c08a1d79ac17386d52613.php 第 206 行.
NOTIC: [8] Use of undefined constant userInfo - assumed 'userInfo' D:\wamp64\www\last\LastMission\project\Application\Runtime\Cache\Home\e22cccb2c99c08a1d79ac17386d52613.php 第 233 行.
NOTIC: [8] Use of undefined constant email - assumed 'email' D:\wamp64\www\last\LastMission\project\Application\Runtime\Cache\Home\e22cccb2c99c08a1d79ac17386d52613.php 第 233 行.
NOTIC: [8] Undefined index: userInfo D:\wamp64\www\last\LastMission\project\Application\Runtime\Cache\Home\e22cccb2c99c08a1d79ac17386d52613.php 第 233 行.
NOTIC: [8] Undefined index: userInfo D:\wamp64\www\last\LastMission\project\Application\Runtime\Cache\Home\e22cccb2c99c08a1d79ac17386d52613.php 第 471 行.
INFO: Run Behavior\ParseTemplateBehavior [ RunTime:0.049003s ]
INFO: [ view_parse ] --END-- [ RunTime:0.049003s ]
INFO: [ view_filter ] --START--
INFO: Run Behavior\WriteHtmlCacheBehavior [ RunTime:0.001000s ]
INFO: Run Behavior\TokenBuildBehavior [ RunTime:0.001000s ]
INFO: [ view_filter ] --END-- [ RunTime:0.002000s ]
INFO: [ app_end ] --START--
INFO: Run Behavior\ShowPageTraceBehavior [ RunTime:0.001000s ]
INFO: [ app_end ] --END-- [ RunTime:0.001000s ]

[ 2017-04-21T12:00:34+08:00 ] ::1 /last/LastMission/project/index.php/Home/User/base
INFO: [ app_init ] --START--
INFO: Run Behavior\BuildLiteBehavior [ RunTime:0.000000s ]
INFO: [ app_init ] --END-- [ RunTime:0.001000s ]
INFO: [ app_begin ] --START--
INFO: Run Behavior\ReadHtmlCacheBehavior [ RunTime:0.000000s ]
INFO: [ app_begin ] --END-- [ RunTime:0.000000s ]
SQL: SHOW COLUMNS FROM `hm_goods` [ RunTime:0.0468s ]
SQL: SHOW COLUMNS FROM `hm_type` [ RunTime:0.0468s ]
SQL: SELECT * FROM `hm_type` WHERE ( pid=23 )  [ RunTime:0.0578s ]
INFO: [ app_end ] --START--
INFO: Run Behavior\ShowPageTraceBehavior [ RunTime:0.002000s ]
INFO: [ app_end ] --END-- [ RunTime:0.002000s ]

[ 2017-04-21T12:00:35+08:00 ] ::1 /last/LastMission/project/index.php/Home/Index/goods/pid/23
INFO: [ app_init ] --START--
INFO: Run Behavior\BuildLiteBehavior [ RunTime:0.000000s ]
INFO: [ app_init ] --END-- [ RunTime:0.000000s ]
INFO: [ app_begin ] --START--
INFO: Run Behavior\ReadHtmlCacheBehavior [ RunTime:0.001000s ]
INFO: [ app_begin ] --END-- [ RunTime:0.001000s ]
SQL: SHOW COLUMNS FROM `hm_goods` [ RunTime:0.0470s ]
SQL: SHOW COLUMNS FROM `hm_type` [ RunTime:0.0430s ]
SQL: SELECT `id`,`name` FROM `hm_type` WHERE ( pid=0 )  [ RunTime:0.0350s ]
SQL: SELECT * FROM `hm_type` WHERE ( pid=23 )  [ RunTime:0.0450s ]
SQL: SELECT p.pic,g.id,g.name,g.price FROM hm_goods g,hm_goods_pic p,hm_type t WHERE t.pid=23 AND g.tid=t.id AND p.gid=g.id AND g.status='1' ORDER BY g.addtime DESC LIMIT 5 [ RunTime:0.0390s ]
INFO: [ view_parse ] --START--
INFO: [ template_filter ] --START--
INFO: Run Behavior\ContentReplaceBehavior [ RunTime:0.001000s ]
INFO: [ template_filter ] --END-- [ RunTime:0.001000s ]
INFO: Run Behavior\ParseTemplateBehavior [ RunTime:0.037002s ]
INFO: [ view_parse ] --END-- [ RunTime:0.037002s ]
INFO: [ view_filter ] --START--
INFO: Run Behavior\WriteHtmlCacheBehavior [ RunTime:0.002000s ]
INFO: Run Behavior\TokenBuildBehavior [ RunTime:0.001000s ]
INFO: [ view_filter ] --END-- [ RunTime:0.003000s ]
INFO: [ app_end ] --START--
INFO: Run Behavior\ShowPageTraceBehavior [ RunTime:0.002000s ]
INFO: [ app_end ] --END-- [ RunTime:0.002000s ]

[ 2017-04-21T12:00:35+08:00 ] ::1 /last/LastMission/project/index.php/Home/User/base
INFO: [ app_init ] --START--
INFO: Run Behavior\BuildLiteBehavior [ RunTime:0.000000s ]
INFO: [ app_init ] --END-- [ RunTime:0.001001s ]
INFO: [ app_begin ] --START--
INFO: Run Behavior\ReadHtmlCacheBehavior [ RunTime:0.000000s ]
INFO: [ app_begin ] --END-- [ RunTime:0.000000s ]
SQL: SHOW COLUMNS FROM `hm_goods` [ RunTime:0.0460s ]
SQL: SHOW COLUMNS FROM `hm_type` [ RunTime:0.0370s ]
SQL: SELECT * FROM `hm_type` WHERE ( pid=22 )  [ RunTime:0.0400s ]
INFO: [ app_end ] --START--
INFO: Run Behavior\ShowPageTraceBehavior [ RunTime:0.001000s ]
INFO: [ app_end ] --END-- [ RunTime:0.001000s ]

[ 2017-04-21T12:00:35+08:00 ] ::1 /last/LastMission/project/index.php/Home/Index/goods/pid/%E6%97%B6%E5%B0%9A%E5%A5%B3%E8%A3%85%E2%80%94%E2%80%94%E6%BD%AE%E6%B5%81%E8%B4%AD%E7%89%A9%20_%20H&M%20CN_files/hmprod
INFO: [ app_init ] --START--
INFO: Run Behavior\BuildLiteBehavior [ RunTime:0.000000s ]
INFO: [ app_init ] --END-- [ RunTime:0.001000s ]
INFO: [ app_begin ] --START--
INFO: Run Behavior\ReadHtmlCacheBehavior [ RunTime:0.001000s ]
INFO: [ app_begin ] --END-- [ RunTime:0.001000s ]
SQL: SHOW COLUMNS FROM `hm_goods` [ RunTime:0.0330s ]
SQL: SHOW COLUMNS FROM `hm_type` [ RunTime:0.0430s ]
SQL: SELECT `id`,`name` FROM `hm_type` WHERE ( pid=0 )  [ RunTime:0.0620s ]
ERR: SQLSTATE[42000]: Syntax error or access violation: 1064 You have an error in your SQL syntax; check the manual that corresponds to your MySQL server version for the right syntax to use near '_ H&amp;M CN_files )' at line 1

[ 2017-04-21T12:00:36+08:00 ] ::1 /last/LastMission/project/index.php/Home/Index/goods/pid/%E6%97%B6%E5%B0%9A%E5%A5%B3%E8%A3%85%E2%80%94%E2%80%94%E6%BD%AE%E6%B5%81%E8%B4%AD%E7%89%A9%20_%20H&M%20CN_files/hmprod(12)
INFO: [ app_init ] --START--
INFO: Run Behavior\BuildLiteBehavior [ RunTime:0.000000s ]
INFO: [ app_init ] --END-- [ RunTime:0.001000s ]
INFO: [ app_begin ] --START--
INFO: Run Behavior\ReadHtmlCacheBehavior [ RunTime:0.000000s ]
INFO: [ app_begin ] --END-- [ RunTime:0.001000s ]
SQL: SHOW COLUMNS FROM `hm_goods` [ RunTime:0.0410s ]
SQL: SHOW COLUMNS FROM `hm_type` [ RunTime:0.0420s ]
SQL: SELECT `id`,`name` FROM `hm_type` WHERE ( pid=0 )  [ RunTime:0.0360s ]
ERR: SQLSTATE[42000]: Syntax error or access violation: 1064 You have an error in your SQL syntax; check the manual that corresponds to your MySQL server version for the right syntax to use near '_ H&amp;M CN_files )' at line 1

[ 2017-04-21T12:00:36+08:00 ] ::1 /last/LastMission/project/index.php/Home/Index/goods/pid/%E6%97%B6%E5%B0%9A%E5%A5%B3%E8%A3%85%E2%80%94%E2%80%94%E6%BD%AE%E6%B5%81%E8%B4%AD%E7%89%A9%20_%20H&M%20CN_files/hmprod(8)
INFO: [ app_init ] --START--
INFO: Run Behavior\BuildLiteBehavior [ RunTime:0.000000s ]
INFO: [ app_init ] --END-- [ RunTime:0.001000s ]
INFO: [ app_begin ] --START--
INFO: Run Behavior\ReadHtmlCacheBehavior [ RunTime:0.001000s ]
INFO: [ app_begin ] --END-- [ RunTime:0.001000s ]
SQL: SHOW COLUMNS FROM `hm_goods` [ RunTime:0.0390s ]
SQL: SHOW COLUMNS FROM `hm_type` [ RunTime:0.0310s ]
SQL: SELECT `id`,`name` FROM `hm_type` WHERE ( pid=0 )  [ RunTime:0.0350s ]
ERR: SQLSTATE[42000]: Syntax error or access violation: 1064 You have an error in your SQL syntax; check the manual that corresponds to your MySQL server version for the right syntax to use near '_ H&amp;M CN_files )' at line 1

[ 2017-04-21T12:00:37+08:00 ] ::1 /last/LastMission/project/index.php/Home/Index/goods/pid/%E6%97%B6%E5%B0%9A%E5%A5%B3%E8%A3%85%E2%80%94%E2%80%94%E6%BD%AE%E6%B5%81%E8%B4%AD%E7%89%A9%20_%20H&M%20CN_files/hmprod(9)
INFO: [ app_init ] --START--
INFO: Run Behavior\BuildLiteBehavior [ RunTime:0.000000s ]
INFO: [ app_init ] --END-- [ RunTime:0.000000s ]
INFO: [ app_begin ] --START--
INFO: Run Behavior\ReadHtmlCacheBehavior [ RunTime:0.001000s ]
INFO: [ app_begin ] --END-- [ RunTime:0.001000s ]
SQL: SHOW COLUMNS FROM `hm_goods` [ RunTime:0.0380s ]
SQL: SHOW COLUMNS FROM `hm_type` [ RunTime:0.0390s ]
SQL: SELECT `id`,`name` FROM `hm_type` WHERE ( pid=0 )  [ RunTime:0.0480s ]
ERR: SQLSTATE[42000]: Syntax error or access violation: 1064 You have an error in your SQL syntax; check the manual that corresponds to your MySQL server version for the right syntax to use near '_ H&amp;M CN_files )' at line 1

[ 2017-04-21T12:00:37+08:00 ] ::1 /last/LastMission/project/index.php/Home/Index/goods/pid/%E6%97%B6%E5%B0%9A%E5%A5%B3%E8%A3%85%E2%80%94%E2%80%94%E6%BD%AE%E6%B5%81%E8%B4%AD%E7%89%A9%20_%20H&M%20CN_files/hmprod(7)
INFO: [ app_init ] --START--
INFO: Run Behavior\BuildLiteBehavior [ RunTime:0.000000s ]
INFO: [ app_init ] --END-- [ RunTime:0.001000s ]
INFO: [ app_begin ] --START--
INFO: Run Behavior\ReadHtmlCacheBehavior [ RunTime:0.000000s ]
INFO: [ app_begin ] --END-- [ RunTime:0.002000s ]
SQL: SHOW COLUMNS FROM `hm_goods` [ RunTime:0.0350s ]
SQL: SHOW COLUMNS FROM `hm_type` [ RunTime:0.0300s ]
SQL: SELECT `id`,`name` FROM `hm_type` WHERE ( pid=0 )  [ RunTime:0.0440s ]
ERR: SQLSTATE[42000]: Syntax error or access violation: 1064 You have an error in your SQL syntax; check the manual that corresponds to your MySQL server version for the right syntax to use near '_ H&amp;M CN_files )' at line 1

[ 2017-04-21T12:00:38+08:00 ] ::1 /last/LastMission/project/index.php/Home/Index/goods/pid/%E6%97%B6%E5%B0%9A%E5%A5%B3%E8%A3%85%E2%80%94%E2%80%94%E6%BD%AE%E6%B5%81%E8%B4%AD%E7%89%A9%20_%20H&M%20CN_files/hmprod(10)
INFO: [ app_init ] --START--
INFO: Run Behavior\BuildLiteBehavior [ RunTime:0.000000s ]
INFO: [ app_init ] --END-- [ RunTime:0.001000s ]
INFO: [ app_begin ] --START--
INFO: Run Behavior\ReadHtmlCacheBehavior [ RunTime:0.001000s ]
INFO: [ app_begin ] --END-- [ RunTime:0.001000s ]
SQL: SHOW COLUMNS FROM `hm_goods` [ RunTime:0.0460s ]
SQL: SHOW COLUMNS FROM `hm_type` [ RunTime:0.0460s ]
SQL: SELECT `id`,`name` FROM `hm_type` WHERE ( pid=0 )  [ RunTime:0.0600s ]
ERR: SQLSTATE[42000]: Syntax error or access violation: 1064 You have an error in your SQL syntax; check the manual that corresponds to your MySQL server version for the right syntax to use near '_ H&amp;M CN_files )' at line 1

[ 2017-04-21T12:00:38+08:00 ] ::1 /last/LastMission/project/index.php/Home/Index/base
INFO: [ app_init ] --START--
INFO: Run Behavior\BuildLiteBehavior [ RunTime:0.000000s ]
INFO: [ app_init ] --END-- [ RunTime:0.000000s ]
INFO: [ app_begin ] --START--
INFO: Run Behavior\ReadHtmlCacheBehavior [ RunTime:0.001000s ]
INFO: [ app_begin ] --END-- [ RunTime:0.001000s ]
SQL: SHOW COLUMNS FROM `hm_goods` [ RunTime:0.0470s ]
SQL: SHOW COLUMNS FROM `hm_type` [ RunTime:0.0330s ]
SQL: SELECT * FROM `hm_type` WHERE ( pid=22 )  [ RunTime:0.0430s ]
INFO: [ app_end ] --START--
INFO: Run Behavior\ShowPageTraceBehavior [ RunTime:0.001000s ]
INFO: [ app_end ] --END-- [ RunTime:0.001000s ]

[ 2017-04-21T12:00:39+08:00 ] ::1 /last/LastMission/project/index.php/Home/Index/base
INFO: [ app_init ] --START--
INFO: Run Behavior\BuildLiteBehavior [ RunTime:0.000000s ]
INFO: [ app_init ] --END-- [ RunTime:0.000000s ]
INFO: [ app_begin ] --START--
INFO: Run Behavior\ReadHtmlCacheBehavior [ RunTime:0.000000s ]
INFO: [ app_begin ] --END-- [ RunTime:0.000000s ]
SQL: SHOW COLUMNS FROM `hm_goods` [ RunTime:0.0310s ]
SQL: SHOW COLUMNS FROM `hm_type` [ RunTime:0.0330s ]
SQL: SELECT * FROM `hm_type` WHERE ( pid=21 )  [ RunTime:0.0340s ]
INFO: [ app_end ] --START--
INFO: Run Behavior\ShowPageTraceBehavior [ RunTime:0.003000s ]
INFO: [ app_end ] --END-- [ RunTime:0.003000s ]

[ 2017-04-21T12:00:39+08:00 ] ::1 /last/LastMission/project/index.php/Home/Index/goods/pid/21
INFO: [ app_init ] --START--
INFO: Run Behavior\BuildLiteBehavior [ RunTime:0.000000s ]
INFO: [ app_init ] --END-- [ RunTime:0.000000s ]
INFO: [ app_begin ] --START--
INFO: Run Behavior\ReadHtmlCacheBehavior [ RunTime:0.000000s ]
INFO: [ app_begin ] --END-- [ RunTime:0.000000s ]
SQL: SHOW COLUMNS FROM `hm_goods` [ RunTime:0.0490s ]
SQL: SHOW COLUMNS FROM `hm_type` [ RunTime:0.0570s ]
SQL: SELECT `id`,`name` FROM `hm_type` WHERE ( pid=0 )  [ RunTime:0.0430s ]
SQL: SELECT * FROM `hm_type` WHERE ( pid=21 )  [ RunTime:0.0420s ]
SQL: SELECT p.pic,g.id,g.name,g.price FROM hm_goods g,hm_goods_pic p,hm_type t WHERE t.pid=21 AND g.tid=t.id AND p.gid=g.id AND g.status='1' ORDER BY g.addtime DESC LIMIT 5 [ RunTime:0.0570s ]
INFO: [ view_parse ] --START--
INFO: [ template_filter ] --START--
INFO: Run Behavior\ContentReplaceBehavior [ RunTime:0.001000s ]
INFO: [ template_filter ] --END-- [ RunTime:0.001000s ]
INFO: Run Behavior\ParseTemplateBehavior [ RunTime:0.039002s ]
INFO: [ view_parse ] --END-- [ RunTime:0.039002s ]
INFO: [ view_filter ] --START--
INFO: Run Behavior\WriteHtmlCacheBehavior [ RunTime:0.002000s ]
INFO: Run Behavior\TokenBuildBehavior [ RunTime:0.002000s ]
INFO: [ view_filter ] --END-- [ RunTime:0.004000s ]
INFO: [ app_end ] --START--
INFO: Run Behavior\ShowPageTraceBehavior [ RunTime:0.001000s ]
INFO: [ app_end ] --END-- [ RunTime:0.001000s ]

[ 2017-04-21T12:00:40+08:00 ] ::1 /last/LastMission/project/index.php/Home/Index/base
INFO: [ app_init ] --START--
INFO: Run Behavior\BuildLiteBehavior [ RunTime:0.000000s ]
INFO: [ app_init ] --END-- [ RunTime:0.001000s ]
INFO: [ app_begin ] --START--
INFO: Run Behavior\ReadHtmlCacheBehavior [ RunTime:0.000000s ]
INFO: [ app_begin ] --END-- [ RunTime:0.000000s ]
SQL: SHOW COLUMNS FROM `hm_goods` [ RunTime:0.0420s ]
SQL: SHOW COLUMNS FROM `hm_type` [ RunTime:0.0600s ]
SQL: SELECT * FROM `hm_type` WHERE ( pid=16 )  [ RunTime:0.0300s ]
INFO: [ app_end ] --START--
INFO: Run Behavior\ShowPageTraceBehavior [ RunTime:0.002000s ]
INFO: [ app_end ] --END-- [ RunTime:0.003000s ]

[ 2017-04-21T12:00:40+08:00 ] ::1 /last/LastMission/project/index.php/Home/Index/goods/pid/16
INFO: [ app_init ] --START--
INFO: Run Behavior\BuildLiteBehavior [ RunTime:0.000000s ]
INFO: [ app_init ] --END-- [ RunTime:0.000000s ]
INFO: [ app_begin ] --START--
INFO: Run Behavior\ReadHtmlCacheBehavior [ RunTime:0.000000s ]
INFO: [ app_begin ] --END-- [ RunTime:0.000000s ]
SQL: SHOW COLUMNS FROM `hm_goods` [ RunTime:0.0430s ]
SQL: SHOW COLUMNS FROM `hm_type` [ RunTime:0.0590s ]
SQL: SELECT `id`,`name` FROM `hm_type` WHERE ( pid=0 )  [ RunTime:0.0330s ]
SQL: SELECT * FROM `hm_type` WHERE ( pid=16 )  [ RunTime:0.0300s ]
SQL: SELECT p.pic,g.id,g.name,g.price FROM hm_goods g,hm_goods_pic p,hm_type t WHERE t.pid=16 AND g.tid=t.id AND p.gid=g.id AND g.status='1' ORDER BY g.addtime DESC LIMIT 5 [ RunTime:0.0500s ]
INFO: [ view_parse ] --START--
INFO: [ template_filter ] --START--
INFO: Run Behavior\ContentReplaceBehavior [ RunTime:0.000000s ]
INFO: [ template_filter ] --END-- [ RunTime:0.000000s ]
INFO: Run Behavior\ParseTemplateBehavior [ RunTime:0.019001s ]
INFO: [ view_parse ] --END-- [ RunTime:0.019001s ]
INFO: [ view_filter ] --START--
INFO: Run Behavior\WriteHtmlCacheBehavior [ RunTime:0.001000s ]
INFO: Run Behavior\TokenBuildBehavior [ RunTime:0.001000s ]
INFO: [ view_filter ] --END-- [ RunTime:0.002000s ]
INFO: [ app_end ] --START--
INFO: Run Behavior\ShowPageTraceBehavior [ RunTime:0.001000s ]
INFO: [ app_end ] --END-- [ RunTime:0.001000s ]

[ 2017-04-21T12:00:41+08:00 ] ::1 /last/LastMission/project/index.php/Home/Index/goods/pid/%E6%97%B6%E5%B0%9A%E5%A5%B3%E8%A3%85%E2%80%94%E2%80%94%E6%BD%AE%E6%B5%81%E8%B4%AD%E7%89%A9%20_%20H&M%20CN_files/hmprod
INFO: [ app_init ] --START--
INFO: Run Behavior\BuildLiteBehavior [ RunTime:0.000000s ]
INFO: [ app_init ] --END-- [ RunTime:0.000000s ]
INFO: [ app_begin ] --START--
INFO: Run Behavior\ReadHtmlCacheBehavior [ RunTime:0.000000s ]
INFO: [ app_begin ] --END-- [ RunTime:0.001000s ]
SQL: SHOW COLUMNS FROM `hm_goods` [ RunTime:0.0450s ]
SQL: SHOW COLUMNS FROM `hm_type` [ RunTime:0.0360s ]
SQL: SELECT `id`,`name` FROM `hm_type` WHERE ( pid=0 )  [ RunTime:0.0440s ]
ERR: SQLSTATE[42000]: Syntax error or access violation: 1064 You have an error in your SQL syntax; check the manual that corresponds to your MySQL server version for the right syntax to use near '_ H&amp;M CN_files )' at line 1

[ 2017-04-21T12:00:41+08:00 ] ::1 /last/LastMission/project/index.php/Home/Index/goods/pid/%E6%97%B6%E5%B0%9A%E5%A5%B3%E8%A3%85%E2%80%94%E2%80%94%E6%BD%AE%E6%B5%81%E8%B4%AD%E7%89%A9%20_%20H&M%20CN_files/hmprod(7)
INFO: [ app_init ] --START--
INFO: Run Behavior\BuildLiteBehavior [ RunTime:0.001000s ]
INFO: [ app_init ] --END-- [ RunTime:0.001000s ]
INFO: [ app_begin ] --START--
INFO: Run Behavior\ReadHtmlCacheBehavior [ RunTime:0.000000s ]
INFO: [ app_begin ] --END-- [ RunTime:0.000000s ]
SQL: SHOW COLUMNS FROM `hm_goods` [ RunTime:0.0520s ]
SQL: SHOW COLUMNS FROM `hm_type` [ RunTime:0.0370s ]
SQL: SELECT `id`,`name` FROM `hm_type` WHERE ( pid=0 )  [ RunTime:0.0560s ]
ERR: SQLSTATE[42000]: Syntax error or access violation: 1064 You have an error in your SQL syntax; check the manual that corresponds to your MySQL server version for the right syntax to use near '_ H&amp;M CN_files )' at line 1

[ 2017-04-21T12:00:42+08:00 ] ::1 /last/LastMission/project/index.php/Home/Index/goods/pid/%E6%97%B6%E5%B0%9A%E5%A5%B3%E8%A3%85%E2%80%94%E2%80%94%E6%BD%AE%E6%B5%81%E8%B4%AD%E7%89%A9%20_%20H&M%20CN_files/hmprod(8)
INFO: [ app_init ] --START--
INFO: Run Behavior\BuildLiteBehavior [ RunTime:0.000000s ]
INFO: [ app_init ] --END-- [ RunTime:0.000000s ]
INFO: [ app_begin ] --START--
INFO: Run Behavior\ReadHtmlCacheBehavior [ RunTime:0.001000s ]
INFO: [ app_begin ] --END-- [ RunTime:0.001000s ]
SQL: SHOW COLUMNS FROM `hm_goods` [ RunTime:0.0370s ]
SQL: SHOW COLUMNS FROM `hm_type` [ RunTime:0.0440s ]
SQL: SELECT `id`,`name` FROM `hm_type` WHERE ( pid=0 )  [ RunTime:0.0520s ]
ERR: SQLSTATE[42000]: Syntax error or access violation: 1064 You have an error in your SQL syntax; check the manual that corresponds to your MySQL server version for the right syntax to use near '_ H&amp;M CN_files )' at line 1

[ 2017-04-21T12:00:42+08:00 ] ::1 /last/LastMission/project/index.php/Home/Index/goods/pid/%E6%97%B6%E5%B0%9A%E5%A5%B3%E8%A3%85%E2%80%94%E2%80%94%E6%BD%AE%E6%B5%81%E8%B4%AD%E7%89%A9%20_%20H&M%20CN_files/hmprod(9)
INFO: [ app_init ] --START--
INFO: Run Behavior\BuildLiteBehavior [ RunTime:0.000000s ]
INFO: [ app_init ] --END-- [ RunTime:0.001000s ]
INFO: [ app_begin ] --START--
INFO: Run Behavior\ReadHtmlCacheBehavior [ RunTime:0.000000s ]
INFO: [ app_begin ] --END-- [ RunTime:0.000000s ]
SQL: SHOW COLUMNS FROM `hm_goods` [ RunTime:0.0310s ]
SQL: SHOW COLUMNS FROM `hm_type` [ RunTime:0.0280s ]
SQL: SELECT `id`,`name` FROM `hm_type` WHERE ( pid=0 )  [ RunTime:0.0290s ]
ERR: SQLSTATE[42000]: Syntax error or access violation: 1064 You have an error in your SQL syntax; check the manual that corresponds to your MySQL server version for the right syntax to use near '_ H&amp;M CN_files )' at line 1

[ 2017-04-21T12:00:42+08:00 ] ::1 /last/LastMission/project/index.php/Home/Index/goods/pid/%E6%97%B6%E5%B0%9A%E5%A5%B3%E8%A3%85%E2%80%94%E2%80%94%E6%BD%AE%E6%B5%81%E8%B4%AD%E7%89%A9%20_%20H&M%20CN_files/hmprod(10)
INFO: [ app_init ] --START--
INFO: Run Behavior\BuildLiteBehavior [ RunTime:0.000000s ]
INFO: [ app_init ] --END-- [ RunTime:0.001000s ]
INFO: [ app_begin ] --START--
INFO: Run Behavior\ReadHtmlCacheBehavior [ RunTime:0.001000s ]
INFO: [ app_begin ] --END-- [ RunTime:0.001000s ]
SQL: SHOW COLUMNS FROM `hm_goods` [ RunTime:0.0350s ]
SQL: SHOW COLUMNS FROM `hm_type` [ RunTime:0.0350s ]
SQL: SELECT `id`,`name` FROM `hm_type` WHERE ( pid=0 )  [ RunTime:0.0640s ]
ERR: SQLSTATE[42000]: Syntax error or access violation: 1064 You have an error in your SQL syntax; check the manual that corresponds to your MySQL server version for the right syntax to use near '_ H&amp;M CN_files )' at line 1

[ 2017-04-21T12:00:43+08:00 ] ::1 /last/LastMission/project/index.php/Home/Index/goods/pid/%E6%97%B6%E5%B0%9A%E5%A5%B3%E8%A3%85%E2%80%94%E2%80%94%E6%BD%AE%E6%B5%81%E8%B4%AD%E7%89%A9%20_%20H&M%20CN_files/hmprod(12)
INFO: [ app_init ] --START--
INFO: Run Behavior\BuildLiteBehavior [ RunTime:0.000000s ]
INFO: [ app_init ] --END-- [ RunTime:0.001000s ]
INFO: [ app_begin ] --START--
INFO: Run Behavior\ReadHtmlCacheBehavior [ RunTime:0.001000s ]
INFO: [ app_begin ] --END-- [ RunTime:0.001000s ]
SQL: SHOW COLUMNS FROM `hm_goods` [ RunTime:0.0310s ]
SQL: SHOW COLUMNS FROM `hm_type` [ RunTime:0.0290s ]
SQL: SELECT `id`,`name` FROM `hm_type` WHERE ( pid=0 )  [ RunTime:0.0290s ]
ERR: SQLSTATE[42000]: Syntax error or access violation: 1064 You have an error in your SQL syntax; check the manual that corresponds to your MySQL server version for the right syntax to use near '_ H&amp;M CN_files )' at line 1

[ 2017-04-21T12:00:43+08:00 ] ::1 /last/LastMission/project/index.php/Home/Index/base
INFO: [ app_init ] --START--
INFO: Run Behavior\BuildLiteBehavior [ RunTime:0.000000s ]
INFO: [ app_init ] --END-- [ RunTime:0.001000s ]
INFO: [ app_begin ] --START--
INFO: Run Behavior\ReadHtmlCacheBehavior [ RunTime:0.001000s ]
INFO: [ app_begin ] --END-- [ RunTime:0.001000s ]
SQL: SHOW COLUMNS FROM `hm_goods` [ RunTime:0.0312s ]
SQL: SHOW COLUMNS FROM `hm_type` [ RunTime:0.0312s ]
SQL: SELECT * FROM `hm_type` WHERE ( pid=16 )  [ RunTime:0.0468s ]
INFO: [ app_end ] --START--
INFO: Run Behavior\ShowPageTraceBehavior [ RunTime:0.000000s ]
INFO: [ app_end ] --END-- [ RunTime:0.000000s ]

[ 2017-04-21T12:00:43+08:00 ] ::1 /last/LastMission/project/index.php/Home/Index/base
INFO: [ app_init ] --START--
INFO: Run Behavior\BuildLiteBehavior [ RunTime:0.000000s ]
INFO: [ app_init ] --END-- [ RunTime:0.000000s ]
INFO: [ app_begin ] --START--
INFO: Run Behavior\ReadHtmlCacheBehavior [ RunTime:0.000000s ]
INFO: [ app_begin ] --END-- [ RunTime:0.000000s ]
SQL: SHOW COLUMNS FROM `hm_goods` [ RunTime:0.0312s ]
SQL: SHOW COLUMNS FROM `hm_type` [ RunTime:0.0312s ]
SQL: SELECT * FROM `hm_type` WHERE ( pid=16 )  [ RunTime:0.0312s ]
INFO: [ app_end ] --START--
INFO: Run Behavior\ShowPageTraceBehavior [ RunTime:0.000000s ]
INFO: [ app_end ] --END-- [ RunTime:0.000000s ]

[ 2017-04-21T12:00:47+08:00 ] ::1 /last/LastMission/project/index.php/Home/Index/goodsList/tid/25/pid/16
INFO: [ app_init ] --START--
INFO: Run Behavior\BuildLiteBehavior [ RunTime:0.000000s ]
INFO: [ app_init ] --END-- [ RunTime:0.001000s ]
INFO: [ app_begin ] --START--
INFO: Run Behavior\ReadHtmlCacheBehavior [ RunTime:0.001000s ]
INFO: [ app_begin ] --END-- [ RunTime:0.001000s ]
SQL: SHOW COLUMNS FROM `hm_goods` [ RunTime:0.0350s ]
SQL: SHOW COLUMNS FROM `hm_type` [ RunTime:0.0380s ]
SQL: SELECT `id`,`name` FROM `hm_type` WHERE ( pid=0 )  [ RunTime:0.0350s ]
SQL: SELECT * FROM `hm_type` WHERE ( pid=16 )  [ RunTime:0.0330s ]
SQL: SHOW COLUMNS FROM `hm_goods` [ RunTime:0.0440s ]
SQL: SELECT `id`,`name`,`price` FROM `hm_goods` WHERE ( tid=25 ) LIMIT 9   [ RunTime:0.0350s ]
SQL: SHOW COLUMNS FROM `hm_goods_pic` [ RunTime:0.0430s ]
SQL: SELECT `pic` FROM `hm_goods_pic` WHERE ( gid=179 )  [ RunTime:0.0300s ]
SQL: SHOW COLUMNS FROM `hm_stock` [ RunTime:0.0350s ]
SQL: SELECT `aid` FROM `hm_stock` WHERE ( gid=179 )  [ RunTime:0.0430s ]
SQL: SELECT `pic` FROM `hm_goods_pic` WHERE ( gid=182 )  [ RunTime:0.0540s ]
SQL: SELECT `aid` FROM `hm_stock` WHERE ( gid=182 )  [ RunTime:0.0430s ]
SQL: SHOW COLUMNS FROM `hm_attr` [ RunTime:0.4020s ]
SQL: SELECT `attrName` FROM `hm_attr` WHERE `id` = 1  [ RunTime:0.0310s ]
SQL: SELECT `attrName` FROM `hm_attr` WHERE `id` = 2  [ RunTime:0.0340s ]
SQL: SELECT `pic` FROM `hm_goods_pic` WHERE ( gid=183 )  [ RunTime:0.0310s ]
SQL: SELECT `aid` FROM `hm_stock` WHERE ( gid=183 )  [ RunTime:0.0460s ]
SQL: SELECT `attrName` FROM `hm_attr` WHERE `id` = 1  [ RunTime:0.0560s ]
SQL: SELECT `pic` FROM `hm_goods_pic` WHERE ( gid=184 )  [ RunTime:0.0420s ]
SQL: SELECT `aid` FROM `hm_stock` WHERE ( gid=184 )  [ RunTime:0.0320s ]
SQL: SELECT `attrName` FROM `hm_attr` WHERE `id` = 3  [ RunTime:0.0410s ]
SQL: SELECT `pic` FROM `hm_goods_pic` WHERE ( gid=185 )  [ RunTime:0.0350s ]
SQL: SELECT `aid` FROM `hm_stock` WHERE ( gid=185 )  [ RunTime:0.0590s ]
SQL: SELECT `attrName` FROM `hm_attr` WHERE `id` = 3  [ RunTime:0.0290s ]
SQL: SELECT `pic` FROM `hm_goods_pic` WHERE ( gid=186 )  [ RunTime:0.2580s ]
SQL: SELECT `aid` FROM `hm_stock` WHERE ( gid=186 )  [ RunTime:0.0410s ]
SQL: SELECT `attrName` FROM `hm_attr` WHERE `id` = 1  [ RunTime:0.0380s ]
SQL: SELECT `pic` FROM `hm_goods_pic` WHERE ( gid=187 )  [ RunTime:0.0340s ]
SQL: SELECT `aid` FROM `hm_stock` WHERE ( gid=187 )  [ RunTime:0.0410s ]
SQL: SELECT `attrName` FROM `hm_attr` WHERE `id` = 1  [ RunTime:0.0530s ]
SQL: SELECT `attrName` FROM `hm_attr` WHERE ( attrType=1 )  [ RunTime:0.0300s ]
SQL: SELECT `attrName` FROM `hm_attr` WHERE ( attrType=2 )  [ RunTime:0.0280s ]
INFO: [ view_parse ] --START--
INFO: [ template_filter ] --START--
INFO: Run Behavior\ContentReplaceBehavior [ RunTime:0.001000s ]
INFO: [ template_filter ] --END-- [ RunTime:0.001000s ]
INFO: Run Behavior\ParseTemplateBehavior [ RunTime:0.050003s ]
INFO: [ view_parse ] --END-- [ RunTime:0.051003s ]
INFO: [ view_filter ] --START--
INFO: Run Behavior\WriteHtmlCacheBehavior [ RunTime:0.001000s ]
INFO: Run Behavior\TokenBuildBehavior [ RunTime:0.000000s ]
INFO: [ view_filter ] --END-- [ RunTime:0.001000s ]
INFO: [ app_end ] --START--
INFO: Run Behavior\ShowPageTraceBehavior [ RunTime:0.001000s ]
INFO: [ app_end ] --END-- [ RunTime:0.001000s ]

[ 2017-04-21T12:00:47+08:00 ] ::1 /last/LastMission/project/index.php/Home/Favorite/checkedFavorite
INFO: [ app_init ] --START--
INFO: Run Behavior\BuildLiteBehavior [ RunTime:0.000000s ]
INFO: [ app_init ] --END-- [ RunTime:0.000000s ]
INFO: [ app_begin ] --START--
INFO: Run Behavior\ReadHtmlCacheBehavior [ RunTime:0.000000s ]
INFO: [ app_begin ] --END-- [ RunTime:0.000000s ]

[ 2017-04-21T12:00:50+08:00 ] ::1 /last/LastMission/project/index.php/Home/Index/goodsDetail/id/179
INFO: [ app_init ] --START--
INFO: Run Behavior\BuildLiteBehavior [ RunTime:0.000000s ]
INFO: [ app_init ] --END-- [ RunTime:0.002000s ]
INFO: [ app_begin ] --START--
INFO: Run Behavior\ReadHtmlCacheBehavior [ RunTime:0.001000s ]
INFO: [ app_begin ] --END-- [ RunTime:0.001000s ]
SQL: SHOW COLUMNS FROM `hm_goods` [ RunTime:0.0340s ]
SQL: SHOW COLUMNS FROM `hm_expire` [ RunTime:0.0300s ]
SQL: SELECT `expire` FROM `hm_expire` WHERE ( gid=179 ) LIMIT 1   [ RunTime:0.0290s ]
SQL: SHOW COLUMNS FROM `hm_goods` [ RunTime:0.0290s ]
SQL: SELECT `name`,`price`,`des` FROM `hm_goods` WHERE ( id=179 ) LIMIT 1   [ RunTime:0.0680s ]
SQL: SHOW COLUMNS FROM `hm_stock` [ RunTime:0.0300s ]
SQL: SELECT `aid` FROM `hm_stock` WHERE ( gid=179 )  [ RunTime:0.0580s ]
SQL: SHOW COLUMNS FROM `hm_goods_pic` [ RunTime:0.0330s ]
SQL: SELECT `pic` FROM `hm_goods_pic` WHERE `aid` = null AND `gid` = 179  [ RunTime:0.0610s ]
SQL: SHOW COLUMNS FROM `hm_goods_detail` [ RunTime:0.0430s ]
SQL: SELECT `detail` FROM `hm_goods_detail` WHERE ( gid=179 ) LIMIT 1   [ RunTime:0.0330s ]
SQL: SHOW COLUMNS FROM `hm_type` [ RunTime:0.0530s ]
SQL: SELECT `id`,`name` FROM `hm_type` WHERE ( pid=0 )  [ RunTime:0.0510s ]
SQL: SHOW COLUMNS FROM `hm_commentary` [ RunTime:0.0540s ]
SQL: SELECT `uid`,`contents`,`addtime` FROM `hm_commentary` WHERE ( gid=179 )  [ RunTime:0.0330s ]
INFO: [ view_parse ] --START--
INFO: [ template_filter ] --START--
INFO: Run Behavior\ContentReplaceBehavior [ RunTime:0.001000s ]
INFO: [ template_filter ] --END-- [ RunTime:0.001000s ]
INFO: Run Behavior\ParseTemplateBehavior [ RunTime:0.043003s ]
INFO: [ view_parse ] --END-- [ RunTime:0.043003s ]
INFO: [ view_filter ] --START--
INFO: Run Behavior\WriteHtmlCacheBehavior [ RunTime:0.001000s ]
INFO: Run Behavior\TokenBuildBehavior [ RunTime:0.001000s ]
INFO: [ view_filter ] --END-- [ RunTime:0.002000s ]
INFO: [ app_end ] --START--
INFO: Run Behavior\ShowPageTraceBehavior [ RunTime:0.001000s ]
INFO: [ app_end ] --END-- [ RunTime:0.001000s ]

[ 2017-04-21T12:00:50+08:00 ] ::1 /last/LastMission/project/index.php/Home/Favorite/checkedFavorite
INFO: [ app_init ] --START--
INFO: Run Behavior\BuildLiteBehavior [ RunTime:0.000000s ]
INFO: [ app_init ] --END-- [ RunTime:0.001000s ]
INFO: [ app_begin ] --START--
INFO: Run Behavior\ReadHtmlCacheBehavior [ RunTime:0.001000s ]
INFO: [ app_begin ] --END-- [ RunTime:0.001000s ]

